Namespace(b1=0.5, b2=0.999, batch_size=2, channels=1, checkpoint_interval=10, decay_epoch=25, epoch=0, img_height=200, img_width=200, lambda_cyc=1, lambda_id=5.0, lambda_merging=10, lr=0.0002, n_cpu=8, n_epochs=51, n_residual_blocks=9, network_name='3cGAN', sample_interval=1, save_name='04022022', testing_dataset='ex-vivo', textfile_training_results_interval=50, training_dataset='ex-vivo')
Begin time:23-04-02 08:27

[Epoch 0/51] [Batch 0/1136] [D loss: 1.617215] [G loss: 4.624198, adv: 1.846215, cycle: 2.777983] ETA: 2 days, 20:31:39.314014
[Epoch 0/51] [Batch 1/1136] [D loss: 10.011644] [G loss: 6.522325, adv: 3.561300, cycle: 2.961024] ETA: 1 day, 2:16:13.786716
[Epoch 0/51] [Batch 2/1136] [D loss: 4.878751] [G loss: 6.192265, adv: 3.151523, cycle: 3.040741] ETA: 1 day, 2:11:43.859489
[Epoch 0/51] [Batch 3/1136] [D loss: 1.939330] [G loss: 4.600343, adv: 1.800558, cycle: 2.799785] ETA: 1 day, 2:08:26.967173
[Epoch 0/51] [Batch 4/1136] [D loss: 1.691264] [G loss: 4.357719, adv: 1.870654, cycle: 2.487066] ETA: 1 day, 2:10:18.159711
[Epoch 0/51] [Batch 5/1136] [D loss: 1.073273] [G loss: 3.811244, adv: 1.287137, cycle: 2.524107] ETA: 1 day, 2:13:55.961844
[Epoch 0/51] [Batch 6/1136] [D loss: 0.924971] [G loss: 3.742165, adv: 1.379669, cycle: 2.362496] ETA: 1 day, 2:17:08.577876
[Epoch 0/51] [Batch 7/1136] [D loss: 0.696979] [G loss: 3.642149, adv: 1.089592, cycle: 2.552557] ETA: 1 day, 2:15:52.818863
[Epoch 0/51] [Batch 8/1136] [D loss: 0.678020] [G loss: 3.370219, adv: 1.122701, cycle: 2.247518] ETA: 1 day, 2:17:42.324657
[Epoch 0/51] [Batch 9/1136] [D loss: 0.534815] [G loss: 2.414609, adv: 1.084880, cycle: 1.329729] ETA: 1 day, 2:17:03.608326
[Epoch 0/51] [Batch 10/1136] [D loss: 0.498634] [G loss: 2.356069, adv: 0.975285, cycle: 1.380784] ETA: 1 day, 2:18:44.214956
[Epoch 0/51] [Batch 11/1136] [D loss: 0.398716] [G loss: 2.063451, adv: 0.959833, cycle: 1.103618] ETA: 1 day, 2:15:08.836192
[Epoch 0/51] [Batch 12/1136] [D loss: 0.414452] [G loss: 1.691580, adv: 0.960892, cycle: 0.730687] ETA: 1 day, 2:26:06.625843
[Epoch 0/51] [Batch 13/1136] [D loss: 0.361907] [G loss: 1.787820, adv: 1.007980, cycle: 0.779841] ETA: 1 day, 2:17:14.681983
[Epoch 0/51] [Batch 14/1136] [D loss: 0.359141] [G loss: 1.676031, adv: 0.981483, cycle: 0.694548] ETA: 1 day, 2:17:59.642045
[Epoch 0/51] [Batch 15/1136] [D loss: 0.335415] [G loss: 1.689371, adv: 1.019040, cycle: 0.670332] ETA: 1 day, 2:18:03.379312
[Epoch 0/51] [Batch 16/1136] [D loss: 0.318846] [G loss: 1.414382, adv: 0.946558, cycle: 0.467825] ETA: 1 day, 2:20:35.648193
[Epoch 0/51] [Batch 17/1136] [D loss: 0.357101] [G loss: 1.622216, adv: 0.935035, cycle: 0.687181] ETA: 1 day, 2:29:19.524836
[Epoch 0/51] [Batch 18/1136] [D loss: 0.371892] [G loss: 1.400870, adv: 0.875601, cycle: 0.525269] ETA: 1 day, 2:21:26.282753
[Epoch 0/51] [Batch 19/1136] [D loss: 0.313167] [G loss: 1.384649, adv: 0.884859, cycle: 0.499790] ETA: 1 day, 2:19:51.437167
[Epoch 0/51] [Batch 20/1136] [D loss: 0.243495] [G loss: 1.381063, adv: 0.896927, cycle: 0.484136] ETA: 1 day, 2:23:57.920941
[Epoch 0/51] [Batch 21/1136] [D loss: 0.293697] [G loss: 1.449368, adv: 0.940492, cycle: 0.508876] ETA: 1 day, 2:29:28.666445
[Epoch 0/51] [Batch 22/1136] [D loss: 0.300305] [G loss: 1.539094, adv: 0.883792, cycle: 0.655302] ETA: 1 day, 2:27:35.204394
[Epoch 0/51] [Batch 23/1136] [D loss: 0.337745] [G loss: 1.621599, adv: 1.050398, cycle: 0.571202] ETA: 1 day, 2:26:04.266294
[Epoch 0/51] [Batch 24/1136] [D loss: 0.308363] [G loss: 1.421641, adv: 0.922665, cycle: 0.498976] ETA: 1 day, 2:23:25.799789
[Epoch 0/51] [Batch 25/1136] [D loss: 0.260831] [G loss: 1.265730, adv: 0.834381, cycle: 0.431348] ETA: 1 day, 2:27:42.075119
[Epoch 0/51] [Batch 26/1136] [D loss: 0.247326] [G loss: 1.132236, adv: 0.758272, cycle: 0.373964] ETA: 1 day, 2:27:24.234746
[Epoch 0/51] [Batch 27/1136] [D loss: 0.226079] [G loss: 1.177643, adv: 0.762226, cycle: 0.415417] ETA: 1 day, 2:28:04.451607
[Epoch 0/51] [Batch 28/1136] [D loss: 0.242278] [G loss: 1.314853, adv: 0.748559, cycle: 0.566293] ETA: 1 day, 2:26:19.714226
[Epoch 0/51] [Batch 29/1136] [D loss: 0.288759] [G loss: 1.201963, adv: 0.755895, cycle: 0.446069] ETA: 1 day, 2:32:44.779581
[Epoch 0/51] [Batch 30/1136] [D loss: 0.248896] [G loss: 1.318040, adv: 0.797844, cycle: 0.520196] ETA: 1 day, 2:31:45.572609
[Epoch 0/51] [Batch 31/1136] [D loss: 0.256484] [G loss: 1.177155, adv: 0.722675, cycle: 0.454480] ETA: 1 day, 2:26:38.722274
[Epoch 0/51] [Batch 32/1136] [D loss: 0.260987] [G loss: 1.156123, adv: 0.704837, cycle: 0.451287] ETA: 1 day, 2:28:30.461887
[Epoch 0/51] [Batch 33/1136] [D loss: 0.252787] [G loss: 1.226990, adv: 0.845784, cycle: 0.381207] ETA: 1 day, 2:24:24.685589
[Epoch 0/51] [Batch 34/1136] [D loss: 0.220739] [G loss: 1.286492, adv: 0.805255, cycle: 0.481237] ETA: 1 day, 2:31:24.521583
[Epoch 0/51] [Batch 35/1136] [D loss: 0.221871] [G loss: 1.327112, adv: 0.875243, cycle: 0.451869] ETA: 1 day, 2:23:26.983979
[Epoch 0/51] [Batch 36/1136] [D loss: 0.222783] [G loss: 1.288347, adv: 0.731492, cycle: 0.556856] ETA: 1 day, 2:33:37.459416
[Epoch 0/51] [Batch 37/1136] [D loss: 0.214418] [G loss: 1.208465, adv: 0.723896, cycle: 0.484569] ETA: 1 day, 2:28:08.289607
[Epoch 0/51] [Batch 38/1136] [D loss: 0.281772] [G loss: 1.235352, adv: 0.730655, cycle: 0.504697] ETA: 1 day, 2:25:32.177539
[Epoch 0/51] [Batch 39/1136] [D loss: 0.256536] [G loss: 1.133658, adv: 0.724929, cycle: 0.408730] ETA: 1 day, 2:27:26.154402
[Epoch 0/51] [Batch 40/1136] [D loss: 0.269769] [G loss: 1.246266, adv: 0.872883, cycle: 0.373384] ETA: 1 day, 2:36:56.912100
[Epoch 0/51] [Batch 41/1136] [D loss: 0.258047] [G loss: 1.188662, adv: 0.790045, cycle: 0.398617] ETA: 1 day, 2:32:44.176115
[Epoch 0/51] [Batch 42/1136] [D loss: 0.243788] [G loss: 1.131770, adv: 0.795954, cycle: 0.335816] ETA: 1 day, 2:22:39.969079
[Epoch 0/51] [Batch 43/1136] [D loss: 0.213843] [G loss: 1.041373, adv: 0.744513, cycle: 0.296860] ETA: 1 day, 2:24:36.977423
[Epoch 0/51] [Batch 44/1136] [D loss: 0.178470] [G loss: 1.050143, adv: 0.711770, cycle: 0.338372] ETA: 1 day, 2:25:31.180165
[Epoch 0/51] [Batch 45/1136] [D loss: 0.188502] [G loss: 1.097415, adv: 0.683048, cycle: 0.414367] ETA: 1 day, 2:27:59.761037
[Epoch 0/51] [Batch 46/1136] [D loss: 0.212186] [G loss: 1.234335, adv: 0.730101, cycle: 0.504234] ETA: 1 day, 2:26:51.782529
[Epoch 0/51] [Batch 47/1136] [D loss: 0.213118] [G loss: 1.164462, adv: 0.750985, cycle: 0.413478] ETA: 1 day, 2:28:11.071660
[Epoch 0/51] [Batch 48/1136] [D loss: 0.182604] [G loss: 1.230541, adv: 0.809262, cycle: 0.421280] ETA: 1 day, 2:26:11.090858
[Epoch 0/51] [Batch 49/1136] [D loss: 0.218778] [G loss: 1.393500, adv: 0.806884, cycle: 0.586616] ETA: 1 day, 2:35:26.620550
[Epoch 0/51] [Batch 50/1136] [D loss: 0.245653] [G loss: 1.216095, adv: 0.810039, cycle: 0.406056] ETA: 1 day, 2:31:26.138871
[Epoch 0/51] [Batch 51/1136] [D loss: 0.217466] [G loss: 1.170669, adv: 0.770398, cycle: 0.400271] ETA: 1 day, 2:35:22.057310
[Epoch 0/51] [Batch 52/1136] [D loss: 0.206973] [G loss: 1.211912, adv: 0.781545, cycle: 0.430367] ETA: 1 day, 2:27:47.067051
[Epoch 0/51] [Batch 53/1136] [D loss: 0.178872] [G loss: 1.162340, adv: 0.729692, cycle: 0.432649] ETA: 1 day, 2:31:51.923658
[Epoch 0/51] [Batch 54/1136] [D loss: 0.187147] [G loss: 1.061213, adv: 0.780032, cycle: 0.281181] ETA: 1 day, 2:28:02.405591
[Epoch 0/51] [Batch 55/1136] [D loss: 0.178645] [G loss: 1.174138, adv: 0.786573, cycle: 0.387565] ETA: 1 day, 2:28:18.657920
[Epoch 0/51] [Batch 56/1136] [D loss: 0.174961] [G loss: 1.225734, adv: 0.699791, cycle: 0.525943] ETA: 1 day, 2:27:36.233444
[Epoch 0/51] [Batch 57/1136] [D loss: 0.200659] [G loss: 1.080144, adv: 0.655034, cycle: 0.425110] ETA: 1 day, 2:26:58.433187
[Epoch 0/51] [Batch 58/1136] [D loss: 0.169179] [G loss: 1.294251, adv: 0.864172, cycle: 0.430080] ETA: 1 day, 2:34:13.753224
[Epoch 0/51] [Batch 59/1136] [D loss: 0.168770] [G loss: 1.097372, adv: 0.716058, cycle: 0.381314] ETA: 1 day, 2:30:45.902804
[Epoch 0/51] [Batch 60/1136] [D loss: 0.161556] [G loss: 1.098894, adv: 0.710357, cycle: 0.388538] ETA: 1 day, 2:31:33.639284
[Epoch 0/51] [Batch 61/1136] [D loss: 0.202947] [G loss: 1.339516, adv: 0.850759, cycle: 0.488757] ETA: 1 day, 2:24:25.174878
[Epoch 0/51] [Batch 62/1136] [D loss: 0.188254] [G loss: 1.241038, adv: 0.748796, cycle: 0.492242] ETA: 1 day, 2:31:54.458663
[Epoch 0/51] [Batch 63/1136] [D loss: 0.189254] [G loss: 1.151574, adv: 0.690974, cycle: 0.460600] ETA: 1 day, 2:34:03.516716
[Epoch 0/51] [Batch 64/1136] [D loss: 0.156455] [G loss: 1.034378, adv: 0.637795, cycle: 0.396582] ETA: 1 day, 2:27:38.562298
[Epoch 0/51] [Batch 65/1136] [D loss: 0.168652] [G loss: 1.087153, adv: 0.724373, cycle: 0.362780] ETA: 1 day, 2:30:25.604775
[Epoch 0/51] [Batch 66/1136] [D loss: 0.150316] [G loss: 1.003000, adv: 0.683165, cycle: 0.319835] ETA: 1 day, 2:31:27.133598
[Epoch 0/51] [Batch 67/1136] [D loss: 0.156213] [G loss: 1.052413, adv: 0.708106, cycle: 0.344307] ETA: 1 day, 2:33:26.138726
[Epoch 0/51] [Batch 68/1136] [D loss: 0.194139] [G loss: 1.017079, adv: 0.728535, cycle: 0.288544] ETA: 1 day, 2:29:55.561575
[Epoch 0/51] [Batch 69/1136] [D loss: 0.178049] [G loss: 1.013280, adv: 0.676816, cycle: 0.336465] ETA: 1 day, 2:36:23.569540
[Epoch 0/51] [Batch 70/1136] [D loss: 0.149482] [G loss: 1.205731, adv: 0.718662, cycle: 0.487069] ETA: 1 day, 2:36:54.901327
[Epoch 0/51] [Batch 71/1136] [D loss: 0.174132] [G loss: 1.176941, adv: 0.739175, cycle: 0.437765] ETA: 1 day, 2:35:35.449363
[Epoch 0/51] [Batch 72/1136] [D loss: 0.159739] [G loss: 0.972751, adv: 0.671367, cycle: 0.301383] ETA: 1 day, 2:39:52.108446
[Epoch 0/51] [Batch 73/1136] [D loss: 0.152693] [G loss: 1.147522, adv: 0.754413, cycle: 0.393109] ETA: 1 day, 2:33:40.892606
[Epoch 0/51] [Batch 74/1136] [D loss: 0.150756] [G loss: 1.006351, adv: 0.651008, cycle: 0.355342] ETA: 1 day, 2:38:08.925868
[Epoch 0/51] [Batch 75/1136] [D loss: 0.156133] [G loss: 1.052791, adv: 0.671231, cycle: 0.381560] ETA: 1 day, 2:36:01.263883
[Epoch 0/51] [Batch 76/1136] [D loss: 0.147392] [G loss: 1.111616, adv: 0.736665, cycle: 0.374950] ETA: 1 day, 2:35:21.176271
[Epoch 0/51] [Batch 77/1136] [D loss: 0.142627] [G loss: 1.091592, adv: 0.648898, cycle: 0.442694] ETA: 1 day, 2:36:56.181100
[Epoch 0/51] [Batch 78/1136] [D loss: 0.138425] [G loss: 1.143810, adv: 0.769411, cycle: 0.374399] ETA: 1 day, 2:35:38.255711
[Epoch 0/51] [Batch 79/1136] [D loss: 0.131775] [G loss: 1.181562, adv: 0.738630, cycle: 0.442932] ETA: 1 day, 2:33:30.135923
[Epoch 0/51] [Batch 80/1136] [D loss: 0.148425] [G loss: 1.036193, adv: 0.705752, cycle: 0.330441] ETA: 1 day, 2:38:11.604126
[Epoch 0/51] [Batch 81/1136] [D loss: 0.141495] [G loss: 1.092023, adv: 0.749751, cycle: 0.342272] ETA: 1 day, 2:36:25.735252
[Epoch 0/51] [Batch 82/1136] [D loss: 0.116226] [G loss: 1.001132, adv: 0.660075, cycle: 0.341057] ETA: 1 day, 2:34:40.380339
[Epoch 0/51] [Batch 83/1136] [D loss: 0.155788] [G loss: 0.944561, adv: 0.575938, cycle: 0.368623] ETA: 1 day, 2:36:06.258352
[Epoch 0/51] [Batch 84/1136] [D loss: 0.141848] [G loss: 0.925442, adv: 0.644727, cycle: 0.280715] ETA: 1 day, 2:35:42.244575
[Epoch 0/51] [Batch 85/1136] [D loss: 0.147416] [G loss: 1.041017, adv: 0.736844, cycle: 0.304173] ETA: 1 day, 2:37:47.317440
[Epoch 0/51] [Batch 86/1136] [D loss: 0.159444] [G loss: 1.226758, adv: 0.824615, cycle: 0.402143] ETA: 1 day, 2:35:40.424263
[Epoch 0/51] [Batch 87/1136] [D loss: 0.174016] [G loss: 1.059748, adv: 0.772171, cycle: 0.287577] ETA: 1 day, 2:37:48.264969
[Epoch 0/51] [Batch 88/1136] [D loss: 0.154906] [G loss: 1.188777, adv: 0.883852, cycle: 0.304925] ETA: 1 day, 2:33:09.649839
[Epoch 0/51] [Batch 89/1136] [D loss: 0.214793] [G loss: 1.110969, adv: 0.779248, cycle: 0.331720] ETA: 1 day, 2:36:08.118314
[Epoch 0/51] [Batch 90/1136] [D loss: 0.184082] [G loss: 0.942388, adv: 0.583589, cycle: 0.358799] ETA: 1 day, 2:36:20.419832
[Epoch 0/51] [Batch 91/1136] [D loss: 0.175980] [G loss: 1.038169, adv: 0.723231, cycle: 0.314938] ETA: 1 day, 2:33:39.170862
[Epoch 0/51] [Batch 92/1136] [D loss: 0.154721] [G loss: 1.164676, adv: 0.711605, cycle: 0.453070] ETA: 1 day, 2:35:15.144924
[Epoch 0/51] [Batch 93/1136] [D loss: 0.131651] [G loss: 1.102818, adv: 0.722838, cycle: 0.379980] ETA: 1 day, 2:33:30.955273
[Epoch 0/51] [Batch 94/1136] [D loss: 0.133942] [G loss: 1.053879, adv: 0.650655, cycle: 0.403224] ETA: 1 day, 2:37:55.929939
[Epoch 0/51] [Batch 95/1136] [D loss: 0.144504] [G loss: 1.109528, adv: 0.698673, cycle: 0.410855] ETA: 1 day, 2:35:33.624416
[Epoch 0/51] [Batch 96/1136] [D loss: 0.167588] [G loss: 1.349710, adv: 0.778901, cycle: 0.570810] ETA: 1 day, 2:36:30.273972
[Epoch 0/51] [Batch 97/1136] [D loss: 0.198636] [G loss: 1.567372, adv: 0.838835, cycle: 0.728537] ETA: 1 day, 2:45:35.483601
[Epoch 0/51] [Batch 98/1136] [D loss: 0.233393] [G loss: 1.400817, adv: 0.846632, cycle: 0.554184] ETA: 1 day, 2:31:23.672076
[Epoch 0/51] [Batch 99/1136] [D loss: 0.194486] [G loss: 1.177526, adv: 0.773261, cycle: 0.404265] ETA: 1 day, 2:38:37.587458
[Epoch 0/51] [Batch 100/1136] [D loss: 0.201698] [G loss: 1.193164, adv: 0.763457, cycle: 0.429708] ETA: 1 day, 2:39:18.179084
[Epoch 0/51] [Batch 101/1136] [D loss: 0.173786] [G loss: 1.518759, adv: 1.023794, cycle: 0.494965] ETA: 1 day, 2:26:11.074425
[Epoch 0/51] [Batch 102/1136] [D loss: 0.131660] [G loss: 1.358835, adv: 0.850757, cycle: 0.508078] ETA: 1 day, 2:34:47.759889
[Epoch 0/51] [Batch 103/1136] [D loss: 0.114589] [G loss: 1.292178, adv: 0.707550, cycle: 0.584628] ETA: 1 day, 2:47:13.826065
[Epoch 0/51] [Batch 104/1136] [D loss: 0.129302] [G loss: 1.310067, adv: 0.807010, cycle: 0.503057] ETA: 1 day, 2:35:09.504042
[Epoch 0/51] [Batch 105/1136] [D loss: 0.134748] [G loss: 1.026303, adv: 0.678339, cycle: 0.347964] ETA: 1 day, 2:36:14.569143
[Epoch 0/51] [Batch 106/1136] [D loss: 0.122442] [G loss: 1.043840, adv: 0.758996, cycle: 0.284843] ETA: 1 day, 2:36:37.110527
[Epoch 0/51] [Batch 107/1136] [D loss: 0.120392] [G loss: 1.344747, adv: 0.851173, cycle: 0.493574] ETA: 1 day, 2:39:37.628340
[Epoch 0/51] [Batch 108/1136] [D loss: 0.126571] [G loss: 1.159126, adv: 0.785799, cycle: 0.373327] ETA: 1 day, 2:41:31.051000
[Epoch 0/51] [Batch 109/1136] [D loss: 0.125396] [G loss: 1.169165, adv: 0.740302, cycle: 0.428863] ETA: 1 day, 2:35:50.187002
[Epoch 0/51] [Batch 110/1136] [D loss: 0.127257] [G loss: 1.169137, adv: 0.716795, cycle: 0.452342] ETA: 1 day, 2:35:51.453998
[Epoch 0/51] [Batch 111/1136] [D loss: 0.134048] [G loss: 1.285855, adv: 0.854431, cycle: 0.431423] ETA: 1 day, 2:33:01.519461
[Epoch 0/51] [Batch 112/1136] [D loss: 0.166021] [G loss: 1.009702, adv: 0.667479, cycle: 0.342223] ETA: 1 day, 2:40:14.769638
[Epoch 0/51] [Batch 113/1136] [D loss: 0.158716] [G loss: 0.962552, adv: 0.698523, cycle: 0.264029] ETA: 1 day, 2:35:08.960731
[Epoch 0/51] [Batch 114/1136] [D loss: 0.178478] [G loss: 1.272475, adv: 0.877608, cycle: 0.394867] ETA: 1 day, 2:38:17.949893
[Epoch 0/51] [Batch 115/1136] [D loss: 0.172653] [G loss: 1.158376, adv: 0.711621, cycle: 0.446755] ETA: 1 day, 2:33:19.087626
[Epoch 0/51] [Batch 116/1136] [D loss: 0.113201] [G loss: 1.616316, adv: 0.748764, cycle: 0.867552] ETA: 1 day, 2:37:17.382278
[Epoch 0/51] [Batch 117/1136] [D loss: 0.122525] [G loss: 1.546669, adv: 0.865389, cycle: 0.681280] ETA: 1 day, 2:34:34.397462
[Epoch 0/51] [Batch 118/1136] [D loss: 0.121679] [G loss: 1.372594, adv: 0.777911, cycle: 0.594683] ETA: 1 day, 2:32:41.733057
[Epoch 0/51] [Batch 119/1136] [D loss: 0.101242] [G loss: 1.183874, adv: 0.760043, cycle: 0.423831] ETA: 1 day, 2:37:17.923599
[Epoch 0/51] [Batch 120/1136] [D loss: 0.110552] [G loss: 1.180756, adv: 0.774869, cycle: 0.405886] ETA: 1 day, 2:38:26.442415
[Epoch 0/51] [Batch 121/1136] [D loss: 0.134093] [G loss: 1.138532, adv: 0.638355, cycle: 0.500176] ETA: 1 day, 2:36:34.799700
[Epoch 0/51] [Batch 122/1136] [D loss: 0.162737] [G loss: 1.161353, adv: 0.785481, cycle: 0.375872] ETA: 1 day, 2:39:35.545549
[Epoch 0/51] [Batch 123/1136] [D loss: 0.145957] [G loss: 0.923268, adv: 0.613872, cycle: 0.309397] ETA: 1 day, 2:36:26.082653
[Epoch 0/51] [Batch 124/1136] [D loss: 0.126572] [G loss: 0.928602, adv: 0.663036, cycle: 0.265566] ETA: 1 day, 2:35:29.526326
[Epoch 0/51] [Batch 125/1136] [D loss: 0.130363] [G loss: 0.955092, adv: 0.654370, cycle: 0.300721] ETA: 1 day, 2:34:34.956682
[Epoch 0/51] [Batch 126/1136] [D loss: 0.133852] [G loss: 1.065175, adv: 0.731515, cycle: 0.333661] ETA: 1 day, 2:30:51.671433
[Epoch 0/51] [Batch 127/1136] [D loss: 0.160394] [G loss: 0.990305, adv: 0.649452, cycle: 0.340853] ETA: 1 day, 2:36:54.408377
[Epoch 0/51] [Batch 128/1136] [D loss: 0.194028] [G loss: 0.998818, adv: 0.642581, cycle: 0.356237] ETA: 1 day, 2:39:27.556000
[Epoch 0/51] [Batch 129/1136] [D loss: 0.189791] [G loss: 1.238575, adv: 0.893447, cycle: 0.345128] ETA: 1 day, 2:33:31.085318
[Epoch 0/51] [Batch 130/1136] [D loss: 0.161173] [G loss: 0.889027, adv: 0.604321, cycle: 0.284706] ETA: 1 day, 2:34:53.598170
[Epoch 0/51] [Batch 131/1136] [D loss: 0.176471] [G loss: 1.076177, adv: 0.696320, cycle: 0.379857] ETA: 1 day, 2:41:48.304279
[Epoch 0/51] [Batch 132/1136] [D loss: 0.148756] [G loss: 0.870873, adv: 0.619437, cycle: 0.251436] ETA: 1 day, 2:39:09.904109
[Epoch 0/51] [Batch 133/1136] [D loss: 0.184098] [G loss: 0.872808, adv: 0.609020, cycle: 0.263788] ETA: 1 day, 2:37:39.533904
[Epoch 0/51] [Batch 134/1136] [D loss: 0.210916] [G loss: 0.971218, adv: 0.648459, cycle: 0.322758] ETA: 1 day, 2:33:04.279924
[Epoch 0/51] [Batch 135/1136] [D loss: 0.192288] [G loss: 0.867432, adv: 0.546760, cycle: 0.320672] ETA: 1 day, 2:33:35.521121
[Epoch 0/51] [Batch 136/1136] [D loss: 0.166248] [G loss: 1.114909, adv: 0.740053, cycle: 0.374857] ETA: 1 day, 2:35:10.234594
[Epoch 0/51] [Batch 137/1136] [D loss: 0.185425] [G loss: 0.966761, adv: 0.604274, cycle: 0.362487] ETA: 1 day, 2:33:07.559626
[Epoch 0/51] [Batch 138/1136] [D loss: 0.131910] [G loss: 0.953689, adv: 0.655635, cycle: 0.298055] ETA: 1 day, 2:36:54.655777
[Epoch 0/51] [Batch 139/1136] [D loss: 0.126836] [G loss: 1.168679, adv: 0.703887, cycle: 0.464793] ETA: 1 day, 2:38:58.904777
[Epoch 0/51] [Batch 140/1136] [D loss: 0.130450] [G loss: 0.826201, adv: 0.575866, cycle: 0.250334] ETA: 1 day, 2:39:20.684016
[Epoch 0/51] [Batch 141/1136] [D loss: 0.127710] [G loss: 1.059646, adv: 0.717138, cycle: 0.342508] ETA: 1 day, 2:36:03.617985
[Epoch 0/51] [Batch 142/1136] [D loss: 0.126049] [G loss: 0.940183, adv: 0.575857, cycle: 0.364326] ETA: 1 day, 2:43:44.403533
[Epoch 0/51] [Batch 143/1136] [D loss: 0.149720] [G loss: 1.011635, adv: 0.658874, cycle: 0.352761] ETA: 1 day, 2:33:40.806242
[Epoch 0/51] [Batch 144/1136] [D loss: 0.103198] [G loss: 0.936561, adv: 0.633073, cycle: 0.303488] ETA: 1 day, 2:37:33.899185
[Epoch 0/51] [Batch 145/1136] [D loss: 0.123525] [G loss: 0.949145, adv: 0.654143, cycle: 0.295003] ETA: 1 day, 2:37:52.412232
[Epoch 0/51] [Batch 146/1136] [D loss: 0.122815] [G loss: 1.054374, adv: 0.773060, cycle: 0.281314] ETA: 1 day, 2:37:34.674110
[Epoch 0/51] [Batch 147/1136] [D loss: 0.116678] [G loss: 1.015095, adv: 0.750387, cycle: 0.264708] ETA: 1 day, 2:38:47.609375
[Epoch 0/51] [Batch 148/1136] [D loss: 0.102690] [G loss: 1.235388, adv: 0.857393, cycle: 0.377995] ETA: 1 day, 2:34:54.869276
[Epoch 0/51] [Batch 149/1136] [D loss: 0.133153] [G loss: 1.015529, adv: 0.681758, cycle: 0.333771] ETA: 1 day, 2:35:48.736614
[Epoch 0/51] [Batch 150/1136] [D loss: 0.170291] [G loss: 0.918051, adv: 0.634728, cycle: 0.283323] ETA: 1 day, 2:36:49.407995
[Epoch 0/51] [Batch 151/1136] [D loss: 0.161072] [G loss: 1.036057, adv: 0.785054, cycle: 0.251003] ETA: 1 day, 2:33:20.791633
[Epoch 0/51] [Batch 152/1136] [D loss: 0.124261] [G loss: 1.149967, adv: 0.867248, cycle: 0.282719] ETA: 1 day, 2:36:24.035364
[Epoch 0/51] [Batch 153/1136] [D loss: 0.132758] [G loss: 0.871210, adv: 0.593445, cycle: 0.277765] ETA: 1 day, 2:34:15.302930
[Epoch 0/51] [Batch 154/1136] [D loss: 0.123913] [G loss: 0.932059, adv: 0.636840, cycle: 0.295219] ETA: 1 day, 2:42:12.980171
[Epoch 0/51] [Batch 155/1136] [D loss: 0.131304] [G loss: 0.876712, adv: 0.635436, cycle: 0.241275] ETA: 1 day, 2:42:56.322853
[Epoch 0/51] [Batch 156/1136] [D loss: 0.150415] [G loss: 1.032148, adv: 0.718931, cycle: 0.313217] ETA: 1 day, 2:41:27.071657
[Epoch 0/51] [Batch 157/1136] [D loss: 0.162958] [G loss: 1.116860, adv: 0.758979, cycle: 0.357882] ETA: 1 day, 2:33:16.788602
[Epoch 0/51] [Batch 158/1136] [D loss: 0.134014] [G loss: 1.006805, adv: 0.701563, cycle: 0.305242] ETA: 1 day, 2:34:59.716524
[Epoch 0/51] [Batch 159/1136] [D loss: 0.125731] [G loss: 0.901715, adv: 0.608377, cycle: 0.293338] ETA: 1 day, 2:39:44.541157
[Epoch 0/51] [Batch 160/1136] [D loss: 0.121216] [G loss: 1.161896, adv: 0.710559, cycle: 0.451337] ETA: 1 day, 2:34:11.511547
[Epoch 0/51] [Batch 161/1136] [D loss: 0.119435] [G loss: 1.110115, adv: 0.619366, cycle: 0.490749] ETA: 1 day, 2:42:51.501356
[Epoch 0/51] [Batch 162/1136] [D loss: 0.109635] [G loss: 1.014305, adv: 0.622312, cycle: 0.391993] ETA: 1 day, 2:37:07.667024
[Epoch 0/51] [Batch 163/1136] [D loss: 0.126029] [G loss: 1.127726, adv: 0.681949, cycle: 0.445778] ETA: 1 day, 2:37:07.771451
[Epoch 0/51] [Batch 164/1136] [D loss: 0.152184] [G loss: 1.053827, adv: 0.580604, cycle: 0.473222] ETA: 1 day, 2:37:03.247782
[Epoch 0/51] [Batch 165/1136] [D loss: 0.125557] [G loss: 1.001297, adv: 0.613217, cycle: 0.388080] ETA: 1 day, 2:38:44.106635
[Epoch 0/51] [Batch 166/1136] [D loss: 0.138774] [G loss: 1.193313, adv: 0.663521, cycle: 0.529792] ETA: 1 day, 2:37:44.487574
[Epoch 0/51] [Batch 167/1136] [D loss: 0.108143] [G loss: 1.202819, adv: 0.707402, cycle: 0.495417] ETA: 1 day, 2:34:54.877722
[Epoch 0/51] [Batch 168/1136] [D loss: 0.119838] [G loss: 0.961293, adv: 0.594926, cycle: 0.366367] ETA: 1 day, 2:33:02.555443
[Epoch 0/51] [Batch 169/1136] [D loss: 0.114795] [G loss: 1.083558, adv: 0.656134, cycle: 0.427423] ETA: 1 day, 2:34:20.369479
[Epoch 0/51] [Batch 170/1136] [D loss: 0.099827] [G loss: 1.069646, adv: 0.666746, cycle: 0.402900] ETA: 1 day, 2:38:58.928543
[Epoch 0/51] [Batch 171/1136] [D loss: 0.114865] [G loss: 0.949821, adv: 0.602802, cycle: 0.347019] ETA: 1 day, 2:33:32.215097
[Epoch 0/51] [Batch 172/1136] [D loss: 0.116632] [G loss: 1.130735, adv: 0.684422, cycle: 0.446313] ETA: 1 day, 2:35:29.894378
[Epoch 0/51] [Batch 173/1136] [D loss: 0.140515] [G loss: 0.930712, adv: 0.659726, cycle: 0.270986] ETA: 1 day, 2:34:08.044088
[Epoch 0/51] [Batch 174/1136] [D loss: 0.140193] [G loss: 0.880972, adv: 0.612004, cycle: 0.268969] ETA: 1 day, 2:37:23.899558
[Epoch 0/51] [Batch 175/1136] [D loss: 0.133280] [G loss: 0.793362, adv: 0.478169, cycle: 0.315193] ETA: 1 day, 2:38:39.593635
[Epoch 0/51] [Batch 176/1136] [D loss: 0.141668] [G loss: 0.870144, adv: 0.554719, cycle: 0.315425] ETA: 1 day, 2:34:32.890816
[Epoch 0/51] [Batch 177/1136] [D loss: 0.131240] [G loss: 0.992615, adv: 0.625490, cycle: 0.367125] ETA: 1 day, 2:36:24.072518
[Epoch 0/51] [Batch 178/1136] [D loss: 0.156193] [G loss: 1.214365, adv: 0.776000, cycle: 0.438365] ETA: 1 day, 2:31:22.546021
[Epoch 0/51] [Batch 179/1136] [D loss: 0.129886] [G loss: 0.960146, adv: 0.625887, cycle: 0.334259] ETA: 1 day, 2:36:38.932688
[Epoch 0/51] [Batch 180/1136] [D loss: 0.124643] [G loss: 0.834421, adv: 0.563032, cycle: 0.271389] ETA: 1 day, 2:30:12.275711
[Epoch 0/51] [Batch 181/1136] [D loss: 0.119529] [G loss: 0.873962, adv: 0.545426, cycle: 0.328537] ETA: 1 day, 2:42:03.489635
[Epoch 0/51] [Batch 182/1136] [D loss: 0.122903] [G loss: 1.025723, adv: 0.628688, cycle: 0.397035] ETA: 1 day, 2:34:52.846355
[Epoch 0/51] [Batch 183/1136] [D loss: 0.135324] [G loss: 1.124394, adv: 0.705056, cycle: 0.419338] ETA: 1 day, 2:32:10.679693
[Epoch 0/51] [Batch 184/1136] [D loss: 0.107007] [G loss: 0.987173, adv: 0.639432, cycle: 0.347742] ETA: 1 day, 2:34:09.822319
[Epoch 0/51] [Batch 185/1136] [D loss: 0.130462] [G loss: 1.010143, adv: 0.714043, cycle: 0.296101] ETA: 1 day, 2:33:47.870727
[Epoch 0/51] [Batch 186/1136] [D loss: 0.134004] [G loss: 0.930384, adv: 0.564532, cycle: 0.365852] ETA: 1 day, 2:37:39.442413
[Epoch 0/51] [Batch 187/1136] [D loss: 0.132004] [G loss: 1.236679, adv: 0.652227, cycle: 0.584451] ETA: 1 day, 2:38:02.703376
[Epoch 0/51] [Batch 188/1136] [D loss: 0.134991] [G loss: 1.120714, adv: 0.706477, cycle: 0.414238] ETA: 1 day, 2:39:26.061651
[Epoch 0/51] [Batch 189/1136] [D loss: 0.138979] [G loss: 1.016788, adv: 0.678074, cycle: 0.338714] ETA: 1 day, 2:35:46.411770
[Epoch 0/51] [Batch 190/1136] [D loss: 0.143809] [G loss: 0.878169, adv: 0.642591, cycle: 0.235578] ETA: 1 day, 2:33:44.355032
[Epoch 0/51] [Batch 191/1136] [D loss: 0.121086] [G loss: 0.918993, adv: 0.574189, cycle: 0.344804] ETA: 1 day, 2:34:35.648816
[Epoch 0/51] [Batch 192/1136] [D loss: 0.128581] [G loss: 0.908420, adv: 0.632629, cycle: 0.275792] ETA: 1 day, 2:38:27.071365
[Epoch 0/51] [Batch 193/1136] [D loss: 0.126525] [G loss: 0.861052, adv: 0.632329, cycle: 0.228723] ETA: 1 day, 2:34:33.477748
[Epoch 0/51] [Batch 194/1136] [D loss: 0.132480] [G loss: 0.764372, adv: 0.524620, cycle: 0.239752] ETA: 1 day, 2:41:33.056357
[Epoch 0/51] [Batch 195/1136] [D loss: 0.152078] [G loss: 0.858779, adv: 0.662375, cycle: 0.196405] ETA: 1 day, 2:32:31.400149
[Epoch 0/51] [Batch 196/1136] [D loss: 0.169335] [G loss: 1.034825, adv: 0.765333, cycle: 0.269492] ETA: 1 day, 2:34:30.572038
[Epoch 0/51] [Batch 197/1136] [D loss: 0.102560] [G loss: 0.974280, adv: 0.664184, cycle: 0.310096] ETA: 1 day, 2:40:18.806819
[Epoch 0/51] [Batch 198/1136] [D loss: 0.132590] [G loss: 0.964951, adv: 0.683940, cycle: 0.281012] ETA: 1 day, 2:36:52.886722
[Epoch 0/51] [Batch 199/1136] [D loss: 0.099621] [G loss: 0.921424, adv: 0.634554, cycle: 0.286870] ETA: 1 day, 2:43:51.201161
[Epoch 0/51] [Batch 200/1136] [D loss: 0.111979] [G loss: 0.971985, adv: 0.637685, cycle: 0.334300] ETA: 1 day, 2:36:52.169485
[Epoch 0/51] [Batch 201/1136] [D loss: 0.117893] [G loss: 0.865206, adv: 0.635397, cycle: 0.229809] ETA: 1 day, 2:36:30.000004
[Epoch 0/51] [Batch 202/1136] [D loss: 0.135991] [G loss: 0.995624, adv: 0.700553, cycle: 0.295071] ETA: 1 day, 2:39:52.005714
[Epoch 0/51] [Batch 203/1136] [D loss: 0.155422] [G loss: 0.970328, adv: 0.573181, cycle: 0.397147] ETA: 1 day, 2:40:20.239808
[Epoch 0/51] [Batch 204/1136] [D loss: 0.119946] [G loss: 1.062604, adv: 0.656114, cycle: 0.406489] ETA: 1 day, 2:39:19.596256
[Epoch 0/51] [Batch 205/1136] [D loss: 0.140687] [G loss: 1.081663, adv: 0.774223, cycle: 0.307440] ETA: 1 day, 2:39:42.530624
[Epoch 0/51] [Batch 206/1136] [D loss: 0.170295] [G loss: 0.884340, adv: 0.622236, cycle: 0.262103] ETA: 1 day, 2:35:56.777911
[Epoch 0/51] [Batch 207/1136] [D loss: 0.142620] [G loss: 0.713651, adv: 0.499913, cycle: 0.213738] ETA: 1 day, 2:40:20.386348
[Epoch 0/51] [Batch 208/1136] [D loss: 0.128743] [G loss: 1.000473, adv: 0.643021, cycle: 0.357453] ETA: 1 day, 2:36:28.722412
[Epoch 0/51] [Batch 209/1136] [D loss: 0.113663] [G loss: 0.847360, adv: 0.632071, cycle: 0.215289] ETA: 1 day, 2:35:27.096885
[Epoch 0/51] [Batch 210/1136] [D loss: 0.112459] [G loss: 0.761184, adv: 0.564484, cycle: 0.196700] ETA: 1 day, 2:41:23.206521
[Epoch 0/51] [Batch 211/1136] [D loss: 0.114130] [G loss: 0.655971, adv: 0.473036, cycle: 0.182935] ETA: 1 day, 2:37:43.251668
[Epoch 0/51] [Batch 212/1136] [D loss: 0.127690] [G loss: 0.877495, adv: 0.634174, cycle: 0.243321] ETA: 1 day, 2:39:45.687208
[Epoch 0/51] [Batch 213/1136] [D loss: 0.112266] [G loss: 1.039826, adv: 0.783498, cycle: 0.256328] ETA: 1 day, 2:38:16.620411
[Epoch 0/51] [Batch 214/1136] [D loss: 0.115475] [G loss: 0.762350, adv: 0.566696, cycle: 0.195654] ETA: 1 day, 2:43:02.516019
[Epoch 0/51] [Batch 215/1136] [D loss: 0.102592] [G loss: 0.718296, adv: 0.523150, cycle: 0.195146] ETA: 1 day, 2:34:38.311567
[Epoch 0/51] [Batch 216/1136] [D loss: 0.112143] [G loss: 0.673173, adv: 0.503251, cycle: 0.169921] ETA: 1 day, 2:36:44.003077
[Epoch 0/51] [Batch 217/1136] [D loss: 0.138046] [G loss: 0.904442, adv: 0.670964, cycle: 0.233478] ETA: 1 day, 2:38:29.997779
[Epoch 0/51] [Batch 218/1136] [D loss: 0.125100] [G loss: 0.980786, adv: 0.777378, cycle: 0.203407] ETA: 1 day, 2:38:20.519835
[Epoch 0/51] [Batch 219/1136] [D loss: 0.111670] [G loss: 0.924302, adv: 0.699800, cycle: 0.224501] ETA: 1 day, 2:43:58.117189
[Epoch 0/51] [Batch 220/1136] [D loss: 0.093242] [G loss: 0.776624, adv: 0.533367, cycle: 0.243257] ETA: 1 day, 2:34:52.480813
[Epoch 0/51] [Batch 221/1136] [D loss: 0.095959] [G loss: 0.841662, adv: 0.609034, cycle: 0.232628] ETA: 1 day, 2:38:11.530973
[Epoch 0/51] [Batch 222/1136] [D loss: 0.085232] [G loss: 0.925776, adv: 0.683754, cycle: 0.242022] ETA: 1 day, 2:45:09.552248
[Epoch 0/51] [Batch 223/1136] [D loss: 0.098059] [G loss: 0.871939, adv: 0.644668, cycle: 0.227271] ETA: 1 day, 2:37:36.532862
[Epoch 0/51] [Batch 224/1136] [D loss: 0.115254] [G loss: 0.911276, adv: 0.675457, cycle: 0.235819] ETA: 1 day, 2:36:53.978374
[Epoch 0/51] [Batch 225/1136] [D loss: 0.108381] [G loss: 0.817705, adv: 0.627412, cycle: 0.190293] ETA: 1 day, 2:36:35.889472
[Epoch 0/51] [Batch 226/1136] [D loss: 0.141700] [G loss: 0.850557, adv: 0.672120, cycle: 0.178436] ETA: 1 day, 2:38:04.214299
[Epoch 0/51] [Batch 227/1136] [D loss: 0.106061] [G loss: 0.728873, adv: 0.576035, cycle: 0.152838] ETA: 1 day, 2:38:21.966620
[Epoch 0/51] [Batch 228/1136] [D loss: 0.168911] [G loss: 0.830956, adv: 0.675243, cycle: 0.155714] ETA: 1 day, 2:38:33.939631
[Epoch 0/51] [Batch 229/1136] [D loss: 0.121700] [G loss: 0.798740, adv: 0.621410, cycle: 0.177331] ETA: 1 day, 2:38:57.538036
[Epoch 0/51] [Batch 230/1136] [D loss: 0.149795] [G loss: 0.880658, adv: 0.620839, cycle: 0.259819] ETA: 1 day, 2:39:11.807518
[Epoch 0/51] [Batch 231/1136] [D loss: 0.167328] [G loss: 1.082739, adv: 0.778595, cycle: 0.304144] ETA: 1 day, 2:41:26.279604
[Epoch 0/51] [Batch 232/1136] [D loss: 0.159076] [G loss: 0.852946, adv: 0.605107, cycle: 0.247839] ETA: 1 day, 2:38:04.494888
[Epoch 0/51] [Batch 233/1136] [D loss: 0.155920] [G loss: 0.918918, adv: 0.663391, cycle: 0.255527] ETA: 1 day, 2:40:48.610708
[Epoch 0/51] [Batch 234/1136] [D loss: 0.153153] [G loss: 0.986642, adv: 0.781129, cycle: 0.205513] ETA: 1 day, 2:42:31.267240
[Epoch 0/51] [Batch 235/1136] [D loss: 0.134635] [G loss: 0.830073, adv: 0.625677, cycle: 0.204396] ETA: 1 day, 2:35:53.784769
[Epoch 0/51] [Batch 236/1136] [D loss: 0.117122] [G loss: 0.860559, adv: 0.638336, cycle: 0.222223] ETA: 1 day, 2:39:08.929381
[Epoch 0/51] [Batch 237/1136] [D loss: 0.131471] [G loss: 0.868563, adv: 0.666589, cycle: 0.201975] ETA: 1 day, 2:36:47.679145
[Epoch 0/51] [Batch 238/1136] [D loss: 0.108346] [G loss: 0.746718, adv: 0.562342, cycle: 0.184376] ETA: 1 day, 2:40:14.880197
[Epoch 0/51] [Batch 239/1136] [D loss: 0.118279] [G loss: 0.929521, adv: 0.499284, cycle: 0.430237] ETA: 1 day, 2:37:32.449302
[Epoch 0/51] [Batch 240/1136] [D loss: 0.128677] [G loss: 0.914909, adv: 0.728465, cycle: 0.186444] ETA: 1 day, 2:35:09.846085
[Epoch 0/51] [Batch 241/1136] [D loss: 0.120843] [G loss: 0.727700, adv: 0.521010, cycle: 0.206690] ETA: 1 day, 2:38:44.617200
[Epoch 0/51] [Batch 242/1136] [D loss: 0.118913] [G loss: 0.753130, adv: 0.557047, cycle: 0.196082] ETA: 1 day, 2:37:01.041407
[Epoch 0/51] [Batch 243/1136] [D loss: 0.113897] [G loss: 0.904057, adv: 0.744448, cycle: 0.159608] ETA: 1 day, 2:38:18.183429
[Epoch 0/51] [Batch 244/1136] [D loss: 0.108492] [G loss: 0.813450, adv: 0.674727, cycle: 0.138722] ETA: 1 day, 2:34:41.725559
[Epoch 0/51] [Batch 245/1136] [D loss: 0.092859] [G loss: 0.799965, adv: 0.633034, cycle: 0.166931] ETA: 1 day, 2:37:26.332747
[Epoch 0/51] [Batch 246/1136] [D loss: 0.154076] [G loss: 0.802085, adv: 0.616573, cycle: 0.185512] ETA: 1 day, 2:40:23.670716
[Epoch 0/51] [Batch 247/1136] [D loss: 0.152140] [G loss: 0.777908, adv: 0.620330, cycle: 0.157578] ETA: 1 day, 2:37:26.187203
[Epoch 0/51] [Batch 248/1136] [D loss: 0.153690] [G loss: 0.735637, adv: 0.581395, cycle: 0.154242] ETA: 1 day, 2:40:51.645618
[Epoch 0/51] [Batch 249/1136] [D loss: 0.140031] [G loss: 0.773062, adv: 0.587259, cycle: 0.185803] ETA: 1 day, 2:39:06.511871
[Epoch 0/51] [Batch 250/1136] [D loss: 0.128096] [G loss: 0.746753, adv: 0.571742, cycle: 0.175011] ETA: 1 day, 2:36:06.714425
[Epoch 0/51] [Batch 251/1136] [D loss: 0.129933] [G loss: 0.706849, adv: 0.507669, cycle: 0.199181] ETA: 1 day, 2:37:47.254136
[Epoch 0/51] [Batch 252/1136] [D loss: 0.096875] [G loss: 0.853204, adv: 0.657751, cycle: 0.195453] ETA: 1 day, 2:39:34.432972
[Epoch 0/51] [Batch 253/1136] [D loss: 0.096382] [G loss: 0.845867, adv: 0.671975, cycle: 0.173891] ETA: 1 day, 2:38:46.725140
[Epoch 0/51] [Batch 254/1136] [D loss: 0.116766] [G loss: 0.798582, adv: 0.633801, cycle: 0.164781] ETA: 1 day, 2:38:30.993374
[Epoch 0/51] [Batch 255/1136] [D loss: 0.141112] [G loss: 0.635901, adv: 0.493855, cycle: 0.142046] ETA: 1 day, 2:34:40.603663
[Epoch 0/51] [Batch 256/1136] [D loss: 0.117989] [G loss: 0.701641, adv: 0.541478, cycle: 0.160164] ETA: 1 day, 2:40:18.935165
[Epoch 0/51] [Batch 257/1136] [D loss: 0.114121] [G loss: 0.776702, adv: 0.602821, cycle: 0.173881] ETA: 1 day, 2:43:17.542110
[Epoch 0/51] [Batch 258/1136] [D loss: 0.149444] [G loss: 0.816224, adv: 0.656170, cycle: 0.160054] ETA: 1 day, 2:36:10.278917
[Epoch 0/51] [Batch 259/1136] [D loss: 0.149558] [G loss: 0.780448, adv: 0.613963, cycle: 0.166485] ETA: 1 day, 2:37:39.253097
[Epoch 0/51] [Batch 260/1136] [D loss: 0.123881] [G loss: 0.866830, adv: 0.694880, cycle: 0.171950] ETA: 1 day, 2:36:05.692963
[Epoch 0/51] [Batch 261/1136] [D loss: 0.091072] [G loss: 0.865163, adv: 0.693769, cycle: 0.171394] ETA: 1 day, 2:40:00.601172
[Epoch 0/51] [Batch 262/1136] [D loss: 0.111646] [G loss: 0.820072, adv: 0.641403, cycle: 0.178669] ETA: 1 day, 2:34:36.967461
[Epoch 0/51] [Batch 263/1136] [D loss: 0.090760] [G loss: 0.950764, adv: 0.662301, cycle: 0.288463] ETA: 1 day, 2:36:16.208343
[Epoch 0/51] [Batch 264/1136] [D loss: 0.091269] [G loss: 0.793192, adv: 0.565881, cycle: 0.227311] ETA: 1 day, 2:39:32.122513
[Epoch 0/51] [Batch 265/1136] [D loss: 0.092734] [G loss: 0.804959, adv: 0.647997, cycle: 0.156962] ETA: 1 day, 2:35:57.267174
[Epoch 0/51] [Batch 266/1136] [D loss: 0.098880] [G loss: 0.715156, adv: 0.555631, cycle: 0.159525] ETA: 1 day, 2:33:42.620642
[Epoch 0/51] [Batch 267/1136] [D loss: 0.101068] [G loss: 0.716287, adv: 0.539648, cycle: 0.176639] ETA: 1 day, 2:36:06.417033
[Epoch 0/51] [Batch 268/1136] [D loss: 0.149036] [G loss: 0.752642, adv: 0.596884, cycle: 0.155759] ETA: 1 day, 2:43:16.107635
[Epoch 0/51] [Batch 269/1136] [D loss: 0.126116] [G loss: 0.726102, adv: 0.532939, cycle: 0.193163] ETA: 1 day, 2:36:46.102298
[Epoch 0/51] [Batch 270/1136] [D loss: 0.079420] [G loss: 0.979537, adv: 0.767520, cycle: 0.212017] ETA: 1 day, 2:30:29.130398
[Epoch 0/51] [Batch 271/1136] [D loss: 0.131536] [G loss: 1.047380, adv: 0.856992, cycle: 0.190388] ETA: 1 day, 2:36:16.657588
[Epoch 0/51] [Batch 272/1136] [D loss: 0.118082] [G loss: 0.638500, adv: 0.481080, cycle: 0.157420] ETA: 1 day, 2:41:40.649551
[Epoch 0/51] [Batch 273/1136] [D loss: 0.119618] [G loss: 0.782592, adv: 0.626555, cycle: 0.156037] ETA: 1 day, 2:36:53.136018
[Epoch 0/51] [Batch 274/1136] [D loss: 0.102195] [G loss: 0.754276, adv: 0.606414, cycle: 0.147862] ETA: 1 day, 2:37:13.484468
[Epoch 0/51] [Batch 275/1136] [D loss: 0.102859] [G loss: 0.782176, adv: 0.596488, cycle: 0.185688] ETA: 1 day, 2:33:01.701308
[Epoch 0/51] [Batch 276/1136] [D loss: 0.109052] [G loss: 0.847811, adv: 0.700813, cycle: 0.146998] ETA: 1 day, 2:39:54.370980
[Epoch 0/51] [Batch 277/1136] [D loss: 0.128701] [G loss: 0.665927, adv: 0.515506, cycle: 0.150421] ETA: 1 day, 2:42:43.251140
[Epoch 0/51] [Batch 278/1136] [D loss: 0.122603] [G loss: 0.880208, adv: 0.624298, cycle: 0.255911] ETA: 1 day, 2:31:47.334826
[Epoch 0/51] [Batch 279/1136] [D loss: 0.098911] [G loss: 0.772858, adv: 0.595913, cycle: 0.176945] ETA: 1 day, 2:36:39.619790
[Epoch 0/51] [Batch 280/1136] [D loss: 0.109062] [G loss: 0.853266, adv: 0.671263, cycle: 0.182002] ETA: 1 day, 2:33:46.281185
[Epoch 0/51] [Batch 281/1136] [D loss: 0.079008] [G loss: 0.861341, adv: 0.689956, cycle: 0.171385] ETA: 1 day, 2:35:29.999633
[Epoch 0/51] [Batch 282/1136] [D loss: 0.102525] [G loss: 0.755868, adv: 0.600379, cycle: 0.155490] ETA: 1 day, 2:39:02.429837
[Epoch 0/51] [Batch 283/1136] [D loss: 0.083889] [G loss: 0.824118, adv: 0.629800, cycle: 0.194318] ETA: 1 day, 2:37:05.894199
[Epoch 0/51] [Batch 284/1136] [D loss: 0.094671] [G loss: 0.961930, adv: 0.788100, cycle: 0.173830] ETA: 1 day, 2:37:47.722239
[Epoch 0/51] [Batch 285/1136] [D loss: 0.144893] [G loss: 0.733992, adv: 0.591602, cycle: 0.142390] ETA: 1 day, 2:34:51.469497
[Epoch 0/51] [Batch 286/1136] [D loss: 0.116706] [G loss: 0.750972, adv: 0.589179, cycle: 0.161793] ETA: 1 day, 2:36:04.581537
[Epoch 0/51] [Batch 287/1136] [D loss: 0.102263] [G loss: 0.874792, adv: 0.688834, cycle: 0.185958] ETA: 1 day, 2:36:10.644861
[Epoch 0/51] [Batch 288/1136] [D loss: 0.105423] [G loss: 0.835930, adv: 0.701203, cycle: 0.134727] ETA: 1 day, 2:32:59.558899
[Epoch 0/51] [Batch 289/1136] [D loss: 0.114451] [G loss: 0.678345, adv: 0.530005, cycle: 0.148340] ETA: 1 day, 2:33:23.712363
[Epoch 0/51] [Batch 290/1136] [D loss: 0.120212] [G loss: 0.802575, adv: 0.629894, cycle: 0.172681] ETA: 1 day, 2:36:15.391711
[Epoch 0/51] [Batch 291/1136] [D loss: 0.108910] [G loss: 0.875649, adv: 0.659207, cycle: 0.216442] ETA: 1 day, 2:40:33.471304
[Epoch 0/51] [Batch 292/1136] [D loss: 0.118683] [G loss: 0.818567, adv: 0.629248, cycle: 0.189319] ETA: 1 day, 2:36:29.564179
[Epoch 0/51] [Batch 293/1136] [D loss: 0.081718] [G loss: 0.913293, adv: 0.664922, cycle: 0.248370] ETA: 1 day, 2:35:24.037961
[Epoch 0/51] [Batch 294/1136] [D loss: 0.119199] [G loss: 0.716791, adv: 0.580981, cycle: 0.135809] ETA: 1 day, 2:33:45.750828
[Epoch 0/51] [Batch 295/1136] [D loss: 0.130292] [G loss: 0.836068, adv: 0.640295, cycle: 0.195774] ETA: 1 day, 2:35:55.018432
[Epoch 0/51] [Batch 296/1136] [D loss: 0.111093] [G loss: 0.977366, adv: 0.801656, cycle: 0.175711] ETA: 1 day, 2:39:02.810574
[Epoch 0/51] [Batch 297/1136] [D loss: 0.145406] [G loss: 0.957742, adv: 0.689778, cycle: 0.267964] ETA: 1 day, 2:36:20.018661
[Epoch 0/51] [Batch 298/1136] [D loss: 0.109993] [G loss: 1.029315, adv: 0.801277, cycle: 0.228038] ETA: 1 day, 2:33:59.164524
[Epoch 0/51] [Batch 299/1136] [D loss: 0.142237] [G loss: 0.955292, adv: 0.799325, cycle: 0.155967] ETA: 1 day, 2:31:51.575988
[Epoch 0/51] [Batch 300/1136] [D loss: 0.134216] [G loss: 0.796316, adv: 0.614070, cycle: 0.182246] ETA: 1 day, 2:33:06.596397
[Epoch 0/51] [Batch 301/1136] [D loss: 0.101099] [G loss: 0.783695, adv: 0.624041, cycle: 0.159655] ETA: 1 day, 2:43:00.799977
[Epoch 0/51] [Batch 302/1136] [D loss: 0.132289] [G loss: 0.737012, adv: 0.555511, cycle: 0.181501] ETA: 1 day, 2:37:26.392473
[Epoch 0/51] [Batch 303/1136] [D loss: 0.183287] [G loss: 0.675239, adv: 0.546621, cycle: 0.128618] ETA: 1 day, 2:36:38.038291
[Epoch 0/51] [Batch 304/1136] [D loss: 0.245643] [G loss: 0.807205, adv: 0.630630, cycle: 0.176575] ETA: 1 day, 2:31:28.258224
[Epoch 0/51] [Batch 305/1136] [D loss: 0.179854] [G loss: 0.960943, adv: 0.767461, cycle: 0.193481] ETA: 1 day, 2:32:05.568857
[Epoch 0/51] [Batch 306/1136] [D loss: 0.140863] [G loss: 0.731990, adv: 0.527470, cycle: 0.204520] ETA: 1 day, 2:32:45.845990
[Epoch 0/51] [Batch 307/1136] [D loss: 0.158016] [G loss: 0.804142, adv: 0.637969, cycle: 0.166174] ETA: 1 day, 2:31:16.252849
[Epoch 0/51] [Batch 308/1136] [D loss: 0.136676] [G loss: 0.896821, adv: 0.694194, cycle: 0.202627] ETA: 1 day, 2:35:21.304113
[Epoch 0/51] [Batch 309/1136] [D loss: 0.112035] [G loss: 0.800993, adv: 0.637874, cycle: 0.163119] ETA: 1 day, 2:35:24.135859
[Epoch 0/51] [Batch 310/1136] [D loss: 0.140076] [G loss: 0.750652, adv: 0.618529, cycle: 0.132123] ETA: 1 day, 2:35:23.876150
[Epoch 0/51] [Batch 311/1136] [D loss: 0.109876] [G loss: 0.912869, adv: 0.726735, cycle: 0.186134] ETA: 1 day, 2:37:24.669580
[Epoch 0/51] [Batch 312/1136] [D loss: 0.104196] [G loss: 0.954271, adv: 0.661189, cycle: 0.293083] ETA: 1 day, 2:32:05.231770
[Epoch 0/51] [Batch 313/1136] [D loss: 0.096156] [G loss: 0.775345, adv: 0.604628, cycle: 0.170716] ETA: 1 day, 2:38:01.610317
[Epoch 0/51] [Batch 314/1136] [D loss: 0.112738] [G loss: 0.881709, adv: 0.714586, cycle: 0.167123] ETA: 1 day, 2:36:10.123556
[Epoch 0/51] [Batch 315/1136] [D loss: 0.120832] [G loss: 0.881232, adv: 0.723045, cycle: 0.158186] ETA: 1 day, 2:33:27.370701
[Epoch 0/51] [Batch 316/1136] [D loss: 0.125734] [G loss: 0.864360, adv: 0.624588, cycle: 0.239772] ETA: 1 day, 2:32:45.418844
[Epoch 0/51] [Batch 317/1136] [D loss: 0.139520] [G loss: 0.648488, adv: 0.469966, cycle: 0.178522] ETA: 1 day, 2:35:34.873852
[Epoch 0/51] [Batch 318/1136] [D loss: 0.150353] [G loss: 0.890427, adv: 0.675975, cycle: 0.214451] ETA: 1 day, 2:36:10.014300
[Epoch 0/51] [Batch 319/1136] [D loss: 0.106039] [G loss: 0.764262, adv: 0.607522, cycle: 0.156739] ETA: 1 day, 2:35:38.391829
[Epoch 0/51] [Batch 320/1136] [D loss: 0.114450] [G loss: 0.813461, adv: 0.641190, cycle: 0.172271] ETA: 1 day, 2:39:54.156418
[Epoch 0/51] [Batch 321/1136] [D loss: 0.097029] [G loss: 0.661786, adv: 0.534716, cycle: 0.127070] ETA: 1 day, 2:34:01.866499
[Epoch 0/51] [Batch 322/1136] [D loss: 0.117323] [G loss: 0.891891, adv: 0.650694, cycle: 0.241196] ETA: 1 day, 2:39:32.609948
[Epoch 0/51] [Batch 323/1136] [D loss: 0.125889] [G loss: 0.709510, adv: 0.554265, cycle: 0.155246] ETA: 1 day, 2:28:55.159222
[Epoch 0/51] [Batch 324/1136] [D loss: 0.152863] [G loss: 0.909670, adv: 0.734688, cycle: 0.174982] ETA: 1 day, 2:30:52.978209
[Epoch 0/51] [Batch 325/1136] [D loss: 0.142433] [G loss: 0.766269, adv: 0.622706, cycle: 0.143563] ETA: 1 day, 2:29:55.046906
[Epoch 0/51] [Batch 326/1136] [D loss: 0.196604] [G loss: 0.877445, adv: 0.710849, cycle: 0.166596] ETA: 1 day, 2:44:49.838779
[Epoch 0/51] [Batch 327/1136] [D loss: 0.199246] [G loss: 1.042642, adv: 0.789155, cycle: 0.253487] ETA: 1 day, 2:33:15.467295
[Epoch 0/51] [Batch 328/1136] [D loss: 0.158701] [G loss: 0.891918, adv: 0.696710, cycle: 0.195209] ETA: 1 day, 2:32:52.010756
[Epoch 0/51] [Batch 329/1136] [D loss: 0.138669] [G loss: 0.839486, adv: 0.680997, cycle: 0.158488] ETA: 1 day, 2:36:09.434474
[Epoch 0/51] [Batch 330/1136] [D loss: 0.107896] [G loss: 0.773497, adv: 0.566118, cycle: 0.207379] ETA: 1 day, 2:35:49.587745
[Epoch 0/51] [Batch 331/1136] [D loss: 0.123834] [G loss: 0.816269, adv: 0.663084, cycle: 0.153186] ETA: 1 day, 2:35:55.905112
[Epoch 0/51] [Batch 332/1136] [D loss: 0.120573] [G loss: 0.794927, adv: 0.633796, cycle: 0.161131] ETA: 1 day, 2:32:21.285535
[Epoch 0/51] [Batch 333/1136] [D loss: 0.106732] [G loss: 0.911415, adv: 0.634724, cycle: 0.276691] ETA: 1 day, 2:33:46.753067
[Epoch 0/51] [Batch 334/1136] [D loss: 0.106608] [G loss: 0.723555, adv: 0.506563, cycle: 0.216991] ETA: 1 day, 2:31:38.004203
[Epoch 0/51] [Batch 335/1136] [D loss: 0.111748] [G loss: 0.888739, adv: 0.711938, cycle: 0.176801] ETA: 1 day, 2:31:53.279282
[Epoch 0/51] [Batch 336/1136] [D loss: 0.120249] [G loss: 0.755785, adv: 0.610501, cycle: 0.145284] ETA: 1 day, 2:34:23.314819
[Epoch 0/51] [Batch 337/1136] [D loss: 0.120063] [G loss: 0.768479, adv: 0.613472, cycle: 0.155007] ETA: 1 day, 2:40:22.534878
[Epoch 0/51] [Batch 338/1136] [D loss: 0.097885] [G loss: 0.875178, adv: 0.633775, cycle: 0.241403] ETA: 1 day, 2:37:27.537018
[Epoch 0/51] [Batch 339/1136] [D loss: 0.117378] [G loss: 0.856806, adv: 0.661040, cycle: 0.195766] ETA: 1 day, 2:33:17.814572
[Epoch 0/51] [Batch 340/1136] [D loss: 0.098265] [G loss: 0.835652, adv: 0.628462, cycle: 0.207189] ETA: 1 day, 2:33:09.769442
[Epoch 0/51] [Batch 341/1136] [D loss: 0.104218] [G loss: 0.828489, adv: 0.642628, cycle: 0.185861] ETA: 1 day, 2:34:22.151206
[Epoch 0/51] [Batch 342/1136] [D loss: 0.102257] [G loss: 1.009144, adv: 0.789602, cycle: 0.219542] ETA: 1 day, 2:33:13.206010
[Epoch 0/51] [Batch 343/1136] [D loss: 0.120795] [G loss: 0.772995, adv: 0.611897, cycle: 0.161098] ETA: 1 day, 2:35:58.270964
[Epoch 0/51] [Batch 344/1136] [D loss: 0.108227] [G loss: 0.835372, adv: 0.662493, cycle: 0.172878] ETA: 1 day, 2:32:29.572231
[Epoch 0/51] [Batch 345/1136] [D loss: 0.094581] [G loss: 0.804854, adv: 0.598341, cycle: 0.206513] ETA: 1 day, 2:31:59.765087
[Epoch 0/51] [Batch 346/1136] [D loss: 0.089193] [G loss: 0.919096, adv: 0.729354, cycle: 0.189742] ETA: 1 day, 2:39:28.440289
[Epoch 0/51] [Batch 347/1136] [D loss: 0.080074] [G loss: 0.874225, adv: 0.702028, cycle: 0.172197] ETA: 1 day, 2:37:06.546455
[Epoch 0/51] [Batch 348/1136] [D loss: 0.095375] [G loss: 0.868711, adv: 0.609540, cycle: 0.259171] ETA: 1 day, 2:32:26.093834
[Epoch 0/51] [Batch 349/1136] [D loss: 0.084951] [G loss: 0.799178, adv: 0.625570, cycle: 0.173608] ETA: 1 day, 2:29:51.168825
[Epoch 0/51] [Batch 350/1136] [D loss: 0.117615] [G loss: 0.909113, adv: 0.760951, cycle: 0.148162] ETA: 1 day, 2:33:49.944624
[Epoch 0/51] [Batch 351/1136] [D loss: 0.108469] [G loss: 0.632810, adv: 0.484507, cycle: 0.148303] ETA: 1 day, 2:33:48.201603
[Epoch 0/51] [Batch 352/1136] [D loss: 0.101285] [G loss: 0.858931, adv: 0.685093, cycle: 0.173837] ETA: 1 day, 2:31:04.606277
[Epoch 0/51] [Batch 353/1136] [D loss: 0.093025] [G loss: 0.822252, adv: 0.665227, cycle: 0.157025] ETA: 1 day, 2:34:19.806526
[Epoch 0/51] [Batch 354/1136] [D loss: 0.115203] [G loss: 0.883394, adv: 0.738245, cycle: 0.145150] ETA: 1 day, 2:33:21.459809
[Epoch 0/51] [Batch 355/1136] [D loss: 0.105757] [G loss: 0.873104, adv: 0.672456, cycle: 0.200648] ETA: 1 day, 2:31:21.186338
[Epoch 0/51] [Batch 356/1136] [D loss: 0.071985] [G loss: 0.947507, adv: 0.773961, cycle: 0.173547] ETA: 1 day, 2:40:20.567927
[Epoch 0/51] [Batch 357/1136] [D loss: 0.087030] [G loss: 0.874861, adv: 0.710862, cycle: 0.163999] ETA: 1 day, 2:32:30.092425
[Epoch 0/51] [Batch 358/1136] [D loss: 0.086087] [G loss: 0.928334, adv: 0.749934, cycle: 0.178400] ETA: 1 day, 2:37:43.249504
[Epoch 0/51] [Batch 359/1136] [D loss: 0.067638] [G loss: 1.149748, adv: 0.889228, cycle: 0.260520] ETA: 1 day, 2:34:00.806375
[Epoch 0/51] [Batch 360/1136] [D loss: 0.127484] [G loss: 0.838730, adv: 0.700098, cycle: 0.138632] ETA: 1 day, 2:37:16.418701
[Epoch 0/51] [Batch 361/1136] [D loss: 0.098371] [G loss: 0.838882, adv: 0.685631, cycle: 0.153252] ETA: 1 day, 2:34:09.083459
[Epoch 0/51] [Batch 362/1136] [D loss: 0.120213] [G loss: 0.922987, adv: 0.778035, cycle: 0.144952] ETA: 1 day, 2:45:25.933502
[Epoch 0/51] [Batch 363/1136] [D loss: 0.094557] [G loss: 0.906347, adv: 0.717362, cycle: 0.188985] ETA: 1 day, 2:33:46.241824
[Epoch 0/51] [Batch 364/1136] [D loss: 0.092366] [G loss: 0.812230, adv: 0.595204, cycle: 0.217026] ETA: 1 day, 2:31:59.492817
[Epoch 0/51] [Batch 365/1136] [D loss: 0.140810] [G loss: 0.976996, adv: 0.793786, cycle: 0.183211] ETA: 1 day, 2:35:09.119166
[Epoch 0/51] [Batch 366/1136] [D loss: 0.088663] [G loss: 1.014176, adv: 0.754861, cycle: 0.259314] ETA: 1 day, 2:33:16.483963
[Epoch 0/51] [Batch 367/1136] [D loss: 0.116048] [G loss: 0.812667, adv: 0.633277, cycle: 0.179390] ETA: 1 day, 2:32:48.909656
[Epoch 0/51] [Batch 368/1136] [D loss: 0.126078] [G loss: 0.830651, adv: 0.611255, cycle: 0.219396] ETA: 1 day, 2:37:54.517441
[Epoch 0/51] [Batch 369/1136] [D loss: 0.113849] [G loss: 1.182731, adv: 0.897379, cycle: 0.285353] ETA: 1 day, 2:34:42.444515
[Epoch 0/51] [Batch 370/1136] [D loss: 0.085009] [G loss: 1.273081, adv: 0.862078, cycle: 0.411003] ETA: 1 day, 2:31:44.652000
[Epoch 0/51] [Batch 371/1136] [D loss: 0.069414] [G loss: 1.192811, adv: 0.847499, cycle: 0.345312] ETA: 1 day, 2:34:49.496075
[Epoch 0/51] [Batch 372/1136] [D loss: 0.087813] [G loss: 1.153705, adv: 0.891329, cycle: 0.262376] ETA: 1 day, 2:36:24.192289
[Epoch 0/51] [Batch 373/1136] [D loss: 0.093808] [G loss: 1.108744, adv: 0.848060, cycle: 0.260684] ETA: 1 day, 2:32:26.048558
[Epoch 0/51] [Batch 374/1136] [D loss: 0.144844] [G loss: 0.917020, adv: 0.662467, cycle: 0.254553] ETA: 1 day, 2:36:29.222194
[Epoch 0/51] [Batch 375/1136] [D loss: 0.132899] [G loss: 0.880771, adv: 0.629388, cycle: 0.251383] ETA: 1 day, 2:32:31.278664
[Epoch 0/51] [Batch 376/1136] [D loss: 0.091801] [G loss: 1.229615, adv: 0.936822, cycle: 0.292793] ETA: 1 day, 2:36:12.156887
[Epoch 0/51] [Batch 377/1136] [D loss: 0.081222] [G loss: 1.123666, adv: 0.781462, cycle: 0.342203] ETA: 1 day, 2:30:43.690284
[Epoch 0/51] [Batch 378/1136] [D loss: 0.097363] [G loss: 0.811833, adv: 0.567749, cycle: 0.244084] ETA: 1 day, 2:34:04.184084
[Epoch 0/51] [Batch 379/1136] [D loss: 0.103218] [G loss: 0.769620, adv: 0.577618, cycle: 0.192002] ETA: 1 day, 2:31:29.514745
[Epoch 0/51] [Batch 380/1136] [D loss: 0.079047] [G loss: 0.936077, adv: 0.725297, cycle: 0.210780] ETA: 1 day, 2:30:29.713810
[Epoch 0/51] [Batch 381/1136] [D loss: 0.095404] [G loss: 1.094394, adv: 0.868073, cycle: 0.226321] ETA: 1 day, 2:34:16.255653
[Epoch 0/51] [Batch 382/1136] [D loss: 0.104313] [G loss: 0.845738, adv: 0.669217, cycle: 0.176521] ETA: 1 day, 2:29:06.604647
[Epoch 0/51] [Batch 383/1136] [D loss: 0.089416] [G loss: 0.976457, adv: 0.743650, cycle: 0.232807] ETA: 1 day, 2:38:27.647659
[Epoch 0/51] [Batch 384/1136] [D loss: 0.133619] [G loss: 0.841163, adv: 0.692914, cycle: 0.148249] ETA: 1 day, 2:33:19.635784
[Epoch 0/51] [Batch 385/1136] [D loss: 0.094005] [G loss: 0.752250, adv: 0.572049, cycle: 0.180201] ETA: 1 day, 2:40:25.253713
[Epoch 0/51] [Batch 386/1136] [D loss: 0.085914] [G loss: 1.057561, adv: 0.698810, cycle: 0.358751] ETA: 1 day, 2:29:32.483087
[Epoch 0/51] [Batch 387/1136] [D loss: 0.070551] [G loss: 0.857010, adv: 0.663217, cycle: 0.193793] ETA: 1 day, 2:34:14.282867
[Epoch 0/51] [Batch 388/1136] [D loss: 0.099440] [G loss: 0.921644, adv: 0.668977, cycle: 0.252667] ETA: 1 day, 2:31:33.997887
[Epoch 0/51] [Batch 389/1136] [D loss: 0.105891] [G loss: 0.797575, adv: 0.547051, cycle: 0.250523] ETA: 1 day, 2:30:59.519611
[Epoch 0/51] [Batch 390/1136] [D loss: 0.096938] [G loss: 0.929476, adv: 0.753240, cycle: 0.176236] ETA: 1 day, 2:28:57.549810
[Epoch 0/51] [Batch 391/1136] [D loss: 0.107340] [G loss: 0.943972, adv: 0.659843, cycle: 0.284130] ETA: 1 day, 2:31:51.506494
[Epoch 0/51] [Batch 392/1136] [D loss: 0.084058] [G loss: 0.883802, adv: 0.715175, cycle: 0.168628] ETA: 1 day, 2:33:26.254063
[Epoch 0/51] [Batch 393/1136] [D loss: 0.078713] [G loss: 0.946675, adv: 0.735452, cycle: 0.211223] ETA: 1 day, 2:34:55.263604
[Epoch 0/51] [Batch 394/1136] [D loss: 0.099061] [G loss: 0.764587, adv: 0.615241, cycle: 0.149346] ETA: 1 day, 2:31:01.446279
[Epoch 0/51] [Batch 395/1136] [D loss: 0.123709] [G loss: 0.831072, adv: 0.680501, cycle: 0.150571] ETA: 1 day, 2:36:39.232635
[Epoch 0/51] [Batch 396/1136] [D loss: 0.097327] [G loss: 0.726674, adv: 0.566285, cycle: 0.160389] ETA: 1 day, 2:37:22.098341
[Epoch 0/51] [Batch 397/1136] [D loss: 0.099940] [G loss: 0.851566, adv: 0.674608, cycle: 0.176958] ETA: 1 day, 2:28:20.079938
[Epoch 0/51] [Batch 398/1136] [D loss: 0.102390] [G loss: 0.957333, adv: 0.698851, cycle: 0.258482] ETA: 1 day, 2:30:43.835827
[Epoch 0/51] [Batch 399/1136] [D loss: 0.110043] [G loss: 0.823432, adv: 0.561202, cycle: 0.262229] ETA: 1 day, 2:27:38.453333
[Epoch 0/51] [Batch 400/1136] [D loss: 0.090136] [G loss: 0.838250, adv: 0.606108, cycle: 0.232142] ETA: 1 day, 2:34:36.242355
[Epoch 0/51] [Batch 401/1136] [D loss: 0.092262] [G loss: 0.847548, adv: 0.639611, cycle: 0.207937] ETA: 1 day, 2:31:13.962297
[Epoch 0/51] [Batch 402/1136] [D loss: 0.096710] [G loss: 1.022369, adv: 0.712448, cycle: 0.309921] ETA: 1 day, 2:32:51.382042
[Epoch 0/51] [Batch 403/1136] [D loss: 0.081423] [G loss: 0.993755, adv: 0.751431, cycle: 0.242324] ETA: 1 day, 2:31:32.028188
[Epoch 0/51] [Batch 404/1136] [D loss: 0.096718] [G loss: 0.973491, adv: 0.772921, cycle: 0.200570] ETA: 1 day, 2:38:45.105426
[Epoch 0/51] [Batch 405/1136] [D loss: 0.075105] [G loss: 0.755869, adv: 0.586163, cycle: 0.169706] ETA: 1 day, 2:29:50.430200
[Epoch 0/51] [Batch 406/1136] [D loss: 0.106417] [G loss: 0.683786, adv: 0.529624, cycle: 0.154162] ETA: 1 day, 2:39:37.746654
[Epoch 0/51] [Batch 407/1136] [D loss: 0.093001] [G loss: 0.628061, adv: 0.512680, cycle: 0.115381] ETA: 1 day, 2:27:16.183389
[Epoch 0/51] [Batch 408/1136] [D loss: 0.081728] [G loss: 0.806291, adv: 0.649563, cycle: 0.156728] ETA: 1 day, 2:31:08.847713
[Epoch 0/51] [Batch 409/1136] [D loss: 0.087516] [G loss: 1.081169, adv: 0.783473, cycle: 0.297695] ETA: 1 day, 2:32:46.762764
[Epoch 0/51] [Batch 410/1136] [D loss: 0.072719] [G loss: 0.798151, adv: 0.595746, cycle: 0.202405] ETA: 1 day, 2:33:01.107231
[Epoch 0/51] [Batch 411/1136] [D loss: 0.073655] [G loss: 1.284556, adv: 0.786282, cycle: 0.498275] ETA: 1 day, 2:38:47.807432
[Epoch 0/51] [Batch 412/1136] [D loss: 0.088716] [G loss: 1.020808, adv: 0.722232, cycle: 0.298575] ETA: 1 day, 2:30:22.724753
[Epoch 0/51] [Batch 413/1136] [D loss: 0.097542] [G loss: 1.090951, adv: 0.825879, cycle: 0.265072] ETA: 1 day, 2:31:59.947839
[Epoch 0/51] [Batch 414/1136] [D loss: 0.123691] [G loss: 0.733778, adv: 0.564041, cycle: 0.169737] ETA: 1 day, 2:29:51.635602
[Epoch 0/51] [Batch 415/1136] [D loss: 0.112896] [G loss: 0.992206, adv: 0.776555, cycle: 0.215651] ETA: 1 day, 2:39:46.854942
[Epoch 0/51] [Batch 416/1136] [D loss: 0.139480] [G loss: 1.211859, adv: 0.893672, cycle: 0.318187] ETA: 1 day, 2:34:10.966301
[Epoch 0/51] [Batch 417/1136] [D loss: 0.092538] [G loss: 1.018550, adv: 0.701682, cycle: 0.316868] ETA: 1 day, 2:36:23.957206
[Epoch 0/51] [Batch 418/1136] [D loss: 0.097956] [G loss: 1.044261, adv: 0.679012, cycle: 0.365249] ETA: 1 day, 2:32:08.375377
[Epoch 0/51] [Batch 419/1136] [D loss: 0.155250] [G loss: 1.074888, adv: 0.788258, cycle: 0.286629] ETA: 1 day, 2:33:40.142030
[Epoch 0/51] [Batch 420/1136] [D loss: 0.160561] [G loss: 0.827380, adv: 0.611027, cycle: 0.216353] ETA: 1 day, 2:34:57.452056
[Epoch 0/51] [Batch 421/1136] [D loss: 0.162870] [G loss: 1.140175, adv: 0.785468, cycle: 0.354706] ETA: 1 day, 2:35:03.919814
[Epoch 0/51] [Batch 422/1136] [D loss: 0.142748] [G loss: 1.040461, adv: 0.810326, cycle: 0.230135] ETA: 1 day, 2:31:36.117230
[Epoch 0/51] [Batch 423/1136] [D loss: 0.135763] [G loss: 1.054835, adv: 0.754789, cycle: 0.300046] ETA: 1 day, 2:30:47.684628
[Epoch 0/51] [Batch 424/1136] [D loss: 0.132856] [G loss: 0.803968, adv: 0.609806, cycle: 0.194162] ETA: 1 day, 2:32:29.440414
[Epoch 0/51] [Batch 425/1136] [D loss: 0.103243] [G loss: 0.910326, adv: 0.660757, cycle: 0.249569] ETA: 1 day, 2:35:05.902251
[Epoch 0/51] [Batch 426/1136] [D loss: 0.092704] [G loss: 1.183702, adv: 0.690403, cycle: 0.493298] ETA: 1 day, 2:28:58.210895
[Epoch 0/51] [Batch 427/1136] [D loss: 0.107873] [G loss: 1.070151, adv: 0.805123, cycle: 0.265028] ETA: 1 day, 2:31:48.738554
[Epoch 0/51] [Batch 428/1136] [D loss: 0.123832] [G loss: 0.857924, adv: 0.644087, cycle: 0.213837] ETA: 1 day, 2:35:01.115520
[Epoch 0/51] [Batch 429/1136] [D loss: 0.120239] [G loss: 0.796846, adv: 0.565382, cycle: 0.231464] ETA: 1 day, 2:38:50.559571
[Epoch 0/51] [Batch 430/1136] [D loss: 0.102293] [G loss: 1.090513, adv: 0.771303, cycle: 0.319209] ETA: 1 day, 2:33:16.411820
[Epoch 0/51] [Batch 431/1136] [D loss: 0.095700] [G loss: 0.953423, adv: 0.687699, cycle: 0.265724] ETA: 1 day, 2:31:32.018466
[Epoch 0/51] [Batch 432/1136] [D loss: 0.098697] [G loss: 0.945377, adv: 0.669830, cycle: 0.275546] ETA: 1 day, 2:32:04.797455
[Epoch 0/51] [Batch 433/1136] [D loss: 0.084610] [G loss: 1.106916, adv: 0.857772, cycle: 0.249144] ETA: 1 day, 2:32:03.657241
[Epoch 0/51] [Batch 434/1136] [D loss: 0.085132] [G loss: 0.964628, adv: 0.753582, cycle: 0.211046] ETA: 1 day, 2:37:15.972050
[Epoch 0/51] [Batch 435/1136] [D loss: 0.094329] [G loss: 0.804714, adv: 0.585792, cycle: 0.218922] ETA: 1 day, 2:32:21.981848
[Epoch 0/51] [Batch 436/1136] [D loss: 0.064340] [G loss: 0.939515, adv: 0.679790, cycle: 0.259725] ETA: 1 day, 2:31:55.685081
[Epoch 0/51] [Batch 437/1136] [D loss: 0.070101] [G loss: 0.979668, adv: 0.769675, cycle: 0.209994] ETA: 1 day, 2:30:21.461920
[Epoch 0/51] [Batch 438/1136] [D loss: 0.077036] [G loss: 0.975219, adv: 0.732570, cycle: 0.242649] ETA: 1 day, 2:31:39.983939
[Epoch 0/51] [Batch 439/1136] [D loss: 0.081132] [G loss: 0.882812, adv: 0.666719, cycle: 0.216093] ETA: 1 day, 2:33:08.332058
[Epoch 0/51] [Batch 440/1136] [D loss: 0.067024] [G loss: 0.848613, adv: 0.658430, cycle: 0.190184] ETA: 1 day, 2:30:09.615557
[Epoch 0/51] [Batch 441/1136] [D loss: 0.060425] [G loss: 1.000210, adv: 0.796518, cycle: 0.203692] ETA: 1 day, 2:34:13.409375
[Epoch 0/51] [Batch 442/1136] [D loss: 0.086091] [G loss: 1.023759, adv: 0.718963, cycle: 0.304797] ETA: 1 day, 2:32:51.651965
[Epoch 0/51] [Batch 443/1136] [D loss: 0.079208] [G loss: 1.012251, adv: 0.750502, cycle: 0.261749] ETA: 1 day, 2:32:30.456632
[Epoch 0/51] [Batch 444/1136] [D loss: 0.076858] [G loss: 1.059280, adv: 0.775335, cycle: 0.283945] ETA: 1 day, 2:31:37.571022
[Epoch 0/51] [Batch 445/1136] [D loss: 0.081539] [G loss: 0.869445, adv: 0.645741, cycle: 0.223704] ETA: 1 day, 2:33:19.465763
[Epoch 0/51] [Batch 446/1136] [D loss: 0.084211] [G loss: 1.173914, adv: 0.840766, cycle: 0.333148] ETA: 1 day, 2:32:26.169825
[Epoch 0/51] [Batch 447/1136] [D loss: 0.090695] [G loss: 0.791576, adv: 0.589692, cycle: 0.201884] ETA: 1 day, 2:29:12.987697
[Epoch 0/51] [Batch 448/1136] [D loss: 0.090472] [G loss: 0.790107, adv: 0.624716, cycle: 0.165392] ETA: 1 day, 2:36:47.457939
[Epoch 0/51] [Batch 449/1136] [D loss: 0.094846] [G loss: 0.786111, adv: 0.601593, cycle: 0.184518] ETA: 1 day, 2:31:42.300106
[Epoch 0/51] [Batch 450/1136] [D loss: 0.067557] [G loss: 1.079007, adv: 0.738630, cycle: 0.340376] ETA: 1 day, 2:33:32.052704
[Epoch 0/51] [Batch 451/1136] [D loss: 0.096060] [G loss: 0.910699, adv: 0.748577, cycle: 0.162122] ETA: 1 day, 2:31:03.685894
[Epoch 0/51] [Batch 452/1136] [D loss: 0.078663] [G loss: 0.785738, adv: 0.596553, cycle: 0.189185] ETA: 1 day, 2:37:52.634621
[Epoch 0/51] [Batch 453/1136] [D loss: 0.082455] [G loss: 0.933356, adv: 0.695180, cycle: 0.238176] ETA: 1 day, 2:32:28.323339
[Epoch 0/51] [Batch 454/1136] [D loss: 0.107445] [G loss: 1.007957, adv: 0.799645, cycle: 0.208312] ETA: 1 day, 2:31:55.962438
[Epoch 0/51] [Batch 455/1136] [D loss: 0.095073] [G loss: 0.919949, adv: 0.754294, cycle: 0.165656] ETA: 1 day, 2:32:56.848283
[Epoch 0/51] [Batch 456/1136] [D loss: 0.089047] [G loss: 0.815478, adv: 0.650703, cycle: 0.164775] ETA: 1 day, 2:32:24.761982
[Epoch 0/51] [Batch 457/1136] [D loss: 0.081847] [G loss: 0.780017, adv: 0.572371, cycle: 0.207646] ETA: 1 day, 2:30:14.761220
[Epoch 0/51] [Batch 458/1136] [D loss: 0.086494] [G loss: 0.944254, adv: 0.778500, cycle: 0.165753] ETA: 1 day, 2:34:06.162146
[Epoch 0/51] [Batch 459/1136] [D loss: 0.074100] [G loss: 0.962896, adv: 0.731746, cycle: 0.231150] ETA: 1 day, 2:34:00.510354
[Epoch 0/51] [Batch 460/1136] [D loss: 0.084549] [G loss: 0.850901, adv: 0.660336, cycle: 0.190565] ETA: 1 day, 2:34:09.096478
[Epoch 0/51] [Batch 461/1136] [D loss: 0.076083] [G loss: 0.822220, adv: 0.669549, cycle: 0.152671] ETA: 1 day, 2:33:20.211412
[Epoch 0/51] [Batch 462/1136] [D loss: 0.097931] [G loss: 0.863970, adv: 0.689251, cycle: 0.174718] ETA: 1 day, 2:32:05.539188
[Epoch 0/51] [Batch 463/1136] [D loss: 0.080623] [G loss: 0.869296, adv: 0.612378, cycle: 0.256918] ETA: 1 day, 2:38:12.094223
[Epoch 0/51] [Batch 464/1136] [D loss: 0.127525] [G loss: 0.926347, adv: 0.760299, cycle: 0.166048] ETA: 1 day, 2:29:38.106995
[Epoch 0/51] [Batch 465/1136] [D loss: 0.079014] [G loss: 0.892261, adv: 0.670073, cycle: 0.222188] ETA: 1 day, 2:30:58.591851
[Epoch 0/51] [Batch 466/1136] [D loss: 0.091168] [G loss: 0.808436, adv: 0.606304, cycle: 0.202132] ETA: 1 day, 2:30:28.650110
[Epoch 0/51] [Batch 467/1136] [D loss: 0.103985] [G loss: 0.820473, adv: 0.646772, cycle: 0.173701] ETA: 1 day, 2:30:11.602631
[Epoch 0/51] [Batch 468/1136] [D loss: 0.079829] [G loss: 0.797038, adv: 0.642342, cycle: 0.154696] ETA: 1 day, 2:32:33.999332
[Epoch 0/51] [Batch 469/1136] [D loss: 0.088721] [G loss: 0.675556, adv: 0.529801, cycle: 0.145755] ETA: 1 day, 2:33:07.096544
[Epoch 0/51] [Batch 470/1136] [D loss: 0.121306] [G loss: 0.830436, adv: 0.671223, cycle: 0.159214] ETA: 1 day, 2:31:21.812829
[Epoch 0/51] [Batch 471/1136] [D loss: 0.080520] [G loss: 0.804115, adv: 0.671933, cycle: 0.132182] ETA: 1 day, 2:30:48.502622
[Epoch 0/51] [Batch 472/1136] [D loss: 0.080172] [G loss: 0.958252, adv: 0.718149, cycle: 0.240104] ETA: 1 day, 2:28:06.819969
[Epoch 0/51] [Batch 473/1136] [D loss: 0.084561] [G loss: 0.885588, adv: 0.684622, cycle: 0.200966] ETA: 1 day, 2:32:28.850419
[Epoch 0/51] [Batch 474/1136] [D loss: 0.098001] [G loss: 0.895788, adv: 0.709565, cycle: 0.186223] ETA: 1 day, 2:34:54.681921
[Epoch 0/51] [Batch 475/1136] [D loss: 0.078547] [G loss: 0.925143, adv: 0.713938, cycle: 0.211205] ETA: 1 day, 2:30:51.695117
[Epoch 0/51] [Batch 476/1136] [D loss: 0.076937] [G loss: 0.906260, adv: 0.741154, cycle: 0.165105] ETA: 1 day, 2:28:02.447591
[Epoch 0/51] [Batch 477/1136] [D loss: 0.066541] [G loss: 0.941924, adv: 0.765058, cycle: 0.176867] ETA: 1 day, 2:30:51.386649
[Epoch 0/51] [Batch 478/1136] [D loss: 0.084285] [G loss: 0.935416, adv: 0.763693, cycle: 0.171723] ETA: 1 day, 2:31:19.123611
[Epoch 0/51] [Batch 479/1136] [D loss: 0.066117] [G loss: 0.760706, adv: 0.593397, cycle: 0.167308] ETA: 1 day, 2:31:24.023624
[Epoch 0/51] [Batch 480/1136] [D loss: 0.088222] [G loss: 0.815779, adv: 0.673113, cycle: 0.142666] ETA: 1 day, 2:32:23.087585
[Epoch 0/51] [Batch 481/1136] [D loss: 0.092446] [G loss: 0.926085, adv: 0.645418, cycle: 0.280667] ETA: 1 day, 2:31:28.083360
[Epoch 0/51] [Batch 482/1136] [D loss: 0.097759] [G loss: 0.927712, adv: 0.658937, cycle: 0.268775] ETA: 1 day, 2:31:57.036653
[Epoch 0/51] [Batch 483/1136] [D loss: 0.102162] [G loss: 1.144570, adv: 0.719076, cycle: 0.425494] ETA: 1 day, 2:30:44.008293
[Epoch 0/51] [Batch 484/1136] [D loss: 0.081969] [G loss: 1.482914, adv: 0.871164, cycle: 0.611750] ETA: 1 day, 2:33:39.046391
[Epoch 0/51] [Batch 485/1136] [D loss: 0.089272] [G loss: 1.340121, adv: 0.782724, cycle: 0.557397] ETA: 1 day, 2:27:31.059177
[Epoch 0/51] [Batch 486/1136] [D loss: 0.101507] [G loss: 1.048059, adv: 0.600473, cycle: 0.447587] ETA: 1 day, 2:38:04.305096
[Epoch 0/51] [Batch 487/1136] [D loss: 0.100521] [G loss: 1.097620, adv: 0.764567, cycle: 0.333052] ETA: 1 day, 2:27:29.893685
[Epoch 0/51] [Batch 488/1136] [D loss: 0.095866] [G loss: 1.187598, adv: 0.701959, cycle: 0.485638] ETA: 1 day, 2:32:03.114176
[Epoch 0/51] [Batch 489/1136] [D loss: 0.077920] [G loss: 1.018682, adv: 0.749342, cycle: 0.269340] ETA: 1 day, 2:28:32.361668
[Epoch 0/51] [Batch 490/1136] [D loss: 0.094890] [G loss: 0.866809, adv: 0.612723, cycle: 0.254087] ETA: 1 day, 2:26:06.440524
[Epoch 0/51] [Batch 491/1136] [D loss: 0.077814] [G loss: 0.867202, adv: 0.663821, cycle: 0.203382] ETA: 1 day, 2:31:00.082392
[Epoch 0/51] [Batch 492/1136] [D loss: 0.101028] [G loss: 0.908945, adv: 0.703126, cycle: 0.205819] ETA: 1 day, 2:26:45.926391
[Epoch 0/51] [Batch 493/1136] [D loss: 0.089286] [G loss: 1.044021, adv: 0.728738, cycle: 0.315282] ETA: 1 day, 2:36:47.979406
[Epoch 0/51] [Batch 494/1136] [D loss: 0.092753] [G loss: 0.800202, adv: 0.566240, cycle: 0.233963] ETA: 1 day, 2:28:44.334945
[Epoch 0/51] [Batch 495/1136] [D loss: 0.099530] [G loss: 0.772771, adv: 0.554579, cycle: 0.218192] ETA: 1 day, 2:34:09.027345
[Epoch 0/51] [Batch 496/1136] [D loss: 0.095082] [G loss: 0.979989, adv: 0.738297, cycle: 0.241692] ETA: 1 day, 2:26:55.758018
[Epoch 0/51] [Batch 497/1136] [D loss: 0.109208] [G loss: 1.036447, adv: 0.797191, cycle: 0.239256] ETA: 1 day, 2:35:15.936223
[Epoch 0/51] [Batch 498/1136] [D loss: 0.119893] [G loss: 0.914167, adv: 0.634550, cycle: 0.279617] ETA: 1 day, 2:31:49.978466
[Epoch 0/51] [Batch 499/1136] [D loss: 0.095173] [G loss: 0.901168, adv: 0.680602, cycle: 0.220565] ETA: 1 day, 2:29:32.511757
[Epoch 0/51] [Batch 500/1136] [D loss: 0.075413] [G loss: 0.847197, adv: 0.674444, cycle: 0.172752] ETA: 1 day, 2:37:28.094240
[Epoch 0/51] [Batch 501/1136] [D loss: 0.089328] [G loss: 0.889366, adv: 0.676773, cycle: 0.212593] ETA: 1 day, 2:32:39.983339
[Epoch 0/51] [Batch 502/1136] [D loss: 0.088323] [G loss: 0.809308, adv: 0.628263, cycle: 0.181045] ETA: 1 day, 2:33:09.088464
[Epoch 0/51] [Batch 503/1136] [D loss: 0.090263] [G loss: 0.839394, adv: 0.648016, cycle: 0.191378] ETA: 1 day, 2:27:50.511162
[Epoch 0/51] [Batch 504/1136] [D loss: 0.116622] [G loss: 0.868483, adv: 0.689349, cycle: 0.179134] ETA: 1 day, 2:29:53.032860
[Epoch 0/51] [Batch 505/1136] [D loss: 0.117272] [G loss: 0.876958, adv: 0.677356, cycle: 0.199602] ETA: 1 day, 2:31:14.116373
[Epoch 0/51] [Batch 506/1136] [D loss: 0.125776] [G loss: 0.852173, adv: 0.667403, cycle: 0.184769] ETA: 1 day, 2:29:25.612326
[Epoch 0/51] [Batch 507/1136] [D loss: 0.101879] [G loss: 0.872594, adv: 0.698690, cycle: 0.173903] ETA: 1 day, 2:26:54.830669
[Epoch 0/51] [Batch 508/1136] [D loss: 0.078156] [G loss: 1.036627, adv: 0.659054, cycle: 0.377573] ETA: 1 day, 2:28:26.181803
[Epoch 0/51] [Batch 509/1136] [D loss: 0.095130] [G loss: 0.984230, adv: 0.633509, cycle: 0.350721] ETA: 1 day, 2:33:18.578088
[Epoch 0/51] [Batch 510/1136] [D loss: 0.082035] [G loss: 1.055459, adv: 0.807955, cycle: 0.247505] ETA: 1 day, 2:30:10.805846
[Epoch 0/51] [Batch 511/1136] [D loss: 0.097932] [G loss: 0.998819, adv: 0.730158, cycle: 0.268661] ETA: 1 day, 2:29:55.165688
[Epoch 0/51] [Batch 512/1136] [D loss: 0.105588] [G loss: 0.979968, adv: 0.761860, cycle: 0.218107] ETA: 1 day, 2:25:00.997360
[Epoch 0/51] [Batch 513/1136] [D loss: 0.089075] [G loss: 1.079796, adv: 0.673900, cycle: 0.405896] ETA: 1 day, 2:36:44.029469
[Epoch 0/51] [Batch 514/1136] [D loss: 0.082953] [G loss: 0.924732, adv: 0.637422, cycle: 0.287310] ETA: 1 day, 2:28:50.738020
[Epoch 0/51] [Batch 515/1136] [D loss: 0.095129] [G loss: 0.961321, adv: 0.607662, cycle: 0.353659] ETA: 1 day, 2:28:55.690225
[Epoch 0/51] [Batch 516/1136] [D loss: 0.088154] [G loss: 1.017144, adv: 0.702790, cycle: 0.314354] ETA: 1 day, 2:32:05.758309
[Epoch 0/51] [Batch 517/1136] [D loss: 0.098479] [G loss: 0.992188, adv: 0.599991, cycle: 0.392197] ETA: 1 day, 2:26:39.592692
[Epoch 0/51] [Batch 518/1136] [D loss: 0.075986] [G loss: 0.871085, adv: 0.649940, cycle: 0.221145] ETA: 1 day, 2:31:58.365258
[Epoch 0/51] [Batch 519/1136] [D loss: 0.072904] [G loss: 0.953507, adv: 0.682604, cycle: 0.270903] ETA: 1 day, 2:29:27.666510
[Epoch 0/51] [Batch 520/1136] [D loss: 0.077278] [G loss: 0.938715, adv: 0.678468, cycle: 0.260247] ETA: 1 day, 2:35:53.364342
[Epoch 0/51] [Batch 521/1136] [D loss: 0.089406] [G loss: 0.864616, adv: 0.684313, cycle: 0.180303] ETA: 1 day, 2:30:31.392335
[Epoch 0/51] [Batch 522/1136] [D loss: 0.093096] [G loss: 0.761367, adv: 0.575677, cycle: 0.185690] ETA: 1 day, 2:26:05.362959
[Epoch 0/51] [Batch 523/1136] [D loss: 0.075941] [G loss: 0.774099, adv: 0.565208, cycle: 0.208891] ETA: 1 day, 2:26:47.713398
[Epoch 0/51] [Batch 524/1136] [D loss: 0.077467] [G loss: 0.798027, adv: 0.649692, cycle: 0.148335] ETA: 1 day, 2:29:12.928281
[Epoch 0/51] [Batch 525/1136] [D loss: 0.071738] [G loss: 0.856865, adv: 0.674075, cycle: 0.182790] ETA: 1 day, 2:29:12.088698
[Epoch 0/51] [Batch 526/1136] [D loss: 0.071282] [G loss: 0.903649, adv: 0.708768, cycle: 0.194880] ETA: 1 day, 2:30:50.128386
[Epoch 0/51] [Batch 527/1136] [D loss: 0.062874] [G loss: 0.840110, adv: 0.665149, cycle: 0.174961] ETA: 1 day, 2:28:53.970913
[Epoch 0/51] [Batch 528/1136] [D loss: 0.126597] [G loss: 0.962451, adv: 0.794471, cycle: 0.167980] ETA: 1 day, 2:31:13.780518
[Epoch 0/51] [Batch 529/1136] [D loss: 0.102407] [G loss: 0.842423, adv: 0.691564, cycle: 0.150859] ETA: 1 day, 2:29:16.476864
[Epoch 0/51] [Batch 530/1136] [D loss: 0.109882] [G loss: 0.858218, adv: 0.690233, cycle: 0.167985] ETA: 1 day, 2:32:20.488992
[Epoch 0/51] [Batch 531/1136] [D loss: 0.138616] [G loss: 0.842322, adv: 0.641880, cycle: 0.200442] ETA: 1 day, 2:32:07.615521
[Epoch 0/51] [Batch 532/1136] [D loss: 0.156934] [G loss: 0.805418, adv: 0.582737, cycle: 0.222681] ETA: 1 day, 2:27:52.387563
[Epoch 0/51] [Batch 533/1136] [D loss: 0.118101] [G loss: 0.738099, adv: 0.563814, cycle: 0.174285] ETA: 1 day, 2:28:42.720773
[Epoch 0/51] [Batch 534/1136] [D loss: 0.108461] [G loss: 0.861951, adv: 0.713004, cycle: 0.148947] ETA: 1 day, 2:30:26.371672
[Epoch 0/51] [Batch 535/1136] [D loss: 0.092885] [G loss: 0.716511, adv: 0.605761, cycle: 0.110750] ETA: 1 day, 2:31:47.287345
[Epoch 0/51] [Batch 536/1136] [D loss: 0.105062] [G loss: 0.800317, adv: 0.646509, cycle: 0.153807] ETA: 1 day, 2:29:39.295158
[Epoch 0/51] [Batch 537/1136] [D loss: 0.131670] [G loss: 0.776921, adv: 0.638986, cycle: 0.137935] ETA: 1 day, 2:29:00.547181
[Epoch 0/51] [Batch 538/1136] [D loss: 0.086101] [G loss: 0.728835, adv: 0.562939, cycle: 0.165896] ETA: 1 day, 2:29:41.500477
[Epoch 0/51] [Batch 539/1136] [D loss: 0.115147] [G loss: 0.884366, adv: 0.705342, cycle: 0.179024] ETA: 1 day, 2:32:07.138799
[Epoch 0/51] [Batch 540/1136] [D loss: 0.128445] [G loss: 0.750735, adv: 0.552844, cycle: 0.197892] ETA: 1 day, 2:28:23.679783
[Epoch 0/51] [Batch 541/1136] [D loss: 0.104431] [G loss: 0.793584, adv: 0.641608, cycle: 0.151976] ETA: 1 day, 2:30:39.119664
[Epoch 0/51] [Batch 542/1136] [D loss: 0.141776] [G loss: 0.735773, adv: 0.492101, cycle: 0.243672] ETA: 1 day, 2:28:43.470797
[Epoch 0/51] [Batch 543/1136] [D loss: 0.111545] [G loss: 0.985976, adv: 0.744311, cycle: 0.241665] ETA: 1 day, 2:33:59.022166
[Epoch 0/51] [Batch 544/1136] [D loss: 0.101555] [G loss: 0.847367, adv: 0.652075, cycle: 0.195292] ETA: 1 day, 2:33:10.353577
[Epoch 0/51] [Batch 545/1136] [D loss: 0.133191] [G loss: 1.152755, adv: 0.782390, cycle: 0.370366] ETA: 1 day, 2:26:11.463511
[Epoch 0/51] [Batch 546/1136] [D loss: 0.134700] [G loss: 0.982255, adv: 0.712879, cycle: 0.269375] ETA: 1 day, 2:30:44.720879
[Epoch 0/51] [Batch 547/1136] [D loss: 0.143885] [G loss: 0.897882, adv: 0.703796, cycle: 0.194086] ETA: 1 day, 2:27:05.271784
[Epoch 0/51] [Batch 548/1136] [D loss: 0.150546] [G loss: 0.822059, adv: 0.633932, cycle: 0.188126] ETA: 1 day, 2:31:38.080739
[Epoch 0/51] [Batch 549/1136] [D loss: 0.159319] [G loss: 0.744992, adv: 0.601672, cycle: 0.143319] ETA: 1 day, 2:31:17.562690
[Epoch 0/51] [Batch 550/1136] [D loss: 0.188393] [G loss: 0.732041, adv: 0.598202, cycle: 0.133839] ETA: 1 day, 2:29:04.552811
[Epoch 0/51] [Batch 551/1136] [D loss: 0.200244] [G loss: 0.787285, adv: 0.573550, cycle: 0.213735] ETA: 1 day, 2:30:04.650320
[Epoch 0/51] [Batch 552/1136] [D loss: 0.166704] [G loss: 0.919135, adv: 0.620235, cycle: 0.298901] ETA: 1 day, 2:25:21.766365
[Epoch 0/51] [Batch 553/1136] [D loss: 0.155272] [G loss: 0.851775, adv: 0.637149, cycle: 0.214626] ETA: 1 day, 2:29:43.019837
[Epoch 0/51] [Batch 554/1136] [D loss: 0.135641] [G loss: 0.955483, adv: 0.751008, cycle: 0.204475] ETA: 1 day, 2:34:37.276242
[Epoch 0/51] [Batch 555/1136] [D loss: 0.127860] [G loss: 0.824765, adv: 0.607848, cycle: 0.216917] ETA: 1 day, 2:29:11.335319
[Epoch 0/51] [Batch 556/1136] [D loss: 0.097978] [G loss: 0.871341, adv: 0.616822, cycle: 0.254520] ETA: 1 day, 2:27:17.753768
[Epoch 0/51] [Batch 557/1136] [D loss: 0.103773] [G loss: 0.974953, adv: 0.740911, cycle: 0.234042] ETA: 1 day, 2:25:54.217881
[Epoch 0/51] [Batch 558/1136] [D loss: 0.118720] [G loss: 0.849127, adv: 0.635503, cycle: 0.213624] ETA: 1 day, 2:31:35.338825
[Epoch 0/51] [Batch 559/1136] [D loss: 0.144154] [G loss: 0.844493, adv: 0.577389, cycle: 0.267105] ETA: 1 day, 2:28:25.359165
[Epoch 0/51] [Batch 560/1136] [D loss: 0.167709] [G loss: 1.083362, adv: 0.794381, cycle: 0.288981] ETA: 1 day, 2:30:18.482849
[Epoch 0/51] [Batch 561/1136] [D loss: 0.161452] [G loss: 1.382221, adv: 0.912514, cycle: 0.469707] ETA: 1 day, 2:29:29.503230
[Epoch 0/51] [Batch 562/1136] [D loss: 0.110155] [G loss: 1.058636, adv: 0.678073, cycle: 0.380563] ETA: 1 day, 2:26:58.466035
[Epoch 0/51] [Batch 563/1136] [D loss: 0.113842] [G loss: 0.967705, adv: 0.642862, cycle: 0.324843] ETA: 1 day, 2:28:51.886078
[Epoch 0/51] [Batch 564/1136] [D loss: 0.106610] [G loss: 0.868203, adv: 0.518390, cycle: 0.349814] ETA: 1 day, 2:27:48.014414
[Epoch 0/51] [Batch 565/1136] [D loss: 0.080392] [G loss: 1.110341, adv: 0.633418, cycle: 0.476923] ETA: 1 day, 2:30:08.498904
[Epoch 0/51] [Batch 566/1136] [D loss: 0.101672] [G loss: 0.892058, adv: 0.618903, cycle: 0.273155] ETA: 1 day, 2:35:00.093799
[Epoch 0/51] [Batch 567/1136] [D loss: 0.101216] [G loss: 1.184871, adv: 0.617161, cycle: 0.567710] ETA: 1 day, 2:31:03.385753
[Epoch 0/51] [Batch 568/1136] [D loss: 0.105455] [G loss: 0.810723, adv: 0.606242, cycle: 0.204481] ETA: 1 day, 2:27:50.768797
[Epoch 0/51] [Batch 569/1136] [D loss: 0.093298] [G loss: 1.115503, adv: 0.660654, cycle: 0.454849] ETA: 1 day, 2:25:47.694189
[Epoch 0/51] [Batch 570/1136] [D loss: 0.091962] [G loss: 1.119009, adv: 0.638072, cycle: 0.480937] ETA: 1 day, 2:27:27.629259
[Epoch 0/51] [Batch 571/1136] [D loss: 0.102980] [G loss: 1.247040, adv: 0.894292, cycle: 0.352748] ETA: 1 day, 2:24:49.560089
[Epoch 0/51] [Batch 572/1136] [D loss: 0.109286] [G loss: 1.085001, adv: 0.642146, cycle: 0.442855] ETA: 1 day, 2:24:36.933798
[Epoch 0/51] [Batch 573/1136] [D loss: 0.091710] [G loss: 1.035344, adv: 0.692141, cycle: 0.343203] ETA: 1 day, 2:31:53.003383
[Epoch 0/51] [Batch 574/1136] [D loss: 0.080336] [G loss: 1.049409, adv: 0.702801, cycle: 0.346608] ETA: 1 day, 2:30:16.152201
[Epoch 0/51] [Batch 575/1136] [D loss: 0.106749] [G loss: 1.022166, adv: 0.721459, cycle: 0.300707] ETA: 1 day, 2:31:16.577511
[Epoch 0/51] [Batch 576/1136] [D loss: 0.110259] [G loss: 1.078630, adv: 0.773354, cycle: 0.305276] ETA: 1 day, 2:26:29.405651
[Epoch 0/51] [Batch 577/1136] [D loss: 0.114126] [G loss: 0.982161, adv: 0.726361, cycle: 0.255800] ETA: 1 day, 2:31:13.234864
[Epoch 0/51] [Batch 578/1136] [D loss: 0.109500] [G loss: 0.937706, adv: 0.629457, cycle: 0.308249] ETA: 1 day, 2:27:28.787485
[Epoch 0/51] [Batch 579/1136] [D loss: 0.133573] [G loss: 1.175605, adv: 0.764786, cycle: 0.410819] ETA: 1 day, 2:25:28.168281
[Epoch 0/51] [Batch 580/1136] [D loss: 0.109101] [G loss: 1.233030, adv: 0.721621, cycle: 0.511409] ETA: 1 day, 2:30:27.791537
[Epoch 0/51] [Batch 581/1136] [D loss: 0.096047] [G loss: 1.201759, adv: 0.720046, cycle: 0.481713] ETA: 1 day, 2:30:37.600660
[Epoch 0/51] [Batch 582/1136] [D loss: 0.083504] [G loss: 1.056383, adv: 0.706907, cycle: 0.349475] ETA: 1 day, 2:29:26.211632
[Epoch 0/51] [Batch 583/1136] [D loss: 0.075295] [G loss: 1.109151, adv: 0.801522, cycle: 0.307629] ETA: 1 day, 2:29:15.852190
[Epoch 0/51] [Batch 584/1136] [D loss: 0.070312] [G loss: 1.048211, adv: 0.672498, cycle: 0.375712] ETA: 1 day, 2:27:59.352966
[Epoch 0/51] [Batch 585/1136] [D loss: 0.074684] [G loss: 0.809610, adv: 0.583354, cycle: 0.226256] ETA: 1 day, 2:29:42.595087
[Epoch 0/51] [Batch 586/1136] [D loss: 0.112619] [G loss: 0.951785, adv: 0.736056, cycle: 0.215730] ETA: 1 day, 2:29:15.499601
[Epoch 0/51] [Batch 587/1136] [D loss: 0.103209] [G loss: 0.974973, adv: 0.667243, cycle: 0.307730] ETA: 1 day, 2:27:07.320018
[Epoch 0/51] [Batch 588/1136] [D loss: 0.097475] [G loss: 0.879497, adv: 0.666776, cycle: 0.212721] ETA: 1 day, 2:28:51.282131
[Epoch 0/51] [Batch 589/1136] [D loss: 0.094174] [G loss: 0.872703, adv: 0.665233, cycle: 0.207469] ETA: 1 day, 2:28:43.535499
[Epoch 0/51] [Batch 590/1136] [D loss: 0.112584] [G loss: 1.041297, adv: 0.762023, cycle: 0.279274] ETA: 1 day, 2:30:10.360736
[Epoch 0/51] [Batch 591/1136] [D loss: 0.104022] [G loss: 0.766380, adv: 0.590217, cycle: 0.176163] ETA: 1 day, 2:30:26.853536
[Epoch 0/51] [Batch 592/1136] [D loss: 0.099158] [G loss: 0.826972, adv: 0.612883, cycle: 0.214089] ETA: 1 day, 2:28:20.570312
[Epoch 0/51] [Batch 593/1136] [D loss: 0.101603] [G loss: 0.957825, adv: 0.765008, cycle: 0.192817] ETA: 1 day, 2:31:29.819136
[Epoch 0/51] [Batch 594/1136] [D loss: 0.095923] [G loss: 0.865475, adv: 0.705291, cycle: 0.160184] ETA: 1 day, 2:31:15.261768
[Epoch 0/51] [Batch 595/1136] [D loss: 0.076193] [G loss: 0.856656, adv: 0.674301, cycle: 0.182355] ETA: 1 day, 2:25:57.587896
[Epoch 0/51] [Batch 596/1136] [D loss: 0.094349] [G loss: 0.836753, adv: 0.554180, cycle: 0.282573] ETA: 1 day, 2:27:33.784847
[Epoch 0/51] [Batch 597/1136] [D loss: 0.066572] [G loss: 0.835447, adv: 0.679682, cycle: 0.155766] ETA: 1 day, 2:24:57.152776
[Epoch 0/51] [Batch 598/1136] [D loss: 0.073469] [G loss: 0.870008, adv: 0.725182, cycle: 0.144827] ETA: 1 day, 2:27:30.913552
[Epoch 0/51] [Batch 599/1136] [D loss: 0.105682] [G loss: 0.755327, adv: 0.621285, cycle: 0.134042] ETA: 1 day, 2:32:30.598356
[Epoch 0/51] [Batch 600/1136] [D loss: 0.082056] [G loss: 0.778572, adv: 0.607114, cycle: 0.171457] ETA: 1 day, 2:33:09.955456
[Epoch 0/51] [Batch 601/1136] [D loss: 0.092903] [G loss: 0.765736, adv: 0.623289, cycle: 0.142447] ETA: 1 day, 2:25:53.208125
[Epoch 0/51] [Batch 602/1136] [D loss: 0.102337] [G loss: 0.887119, adv: 0.754389, cycle: 0.132730] ETA: 1 day, 2:27:51.197577
[Epoch 0/51] [Batch 603/1136] [D loss: 0.110678] [G loss: 0.783547, adv: 0.637828, cycle: 0.145720] ETA: 1 day, 2:26:26.631874
[Epoch 0/51] [Batch 604/1136] [D loss: 0.108719] [G loss: 0.845429, adv: 0.664516, cycle: 0.180913] ETA: 1 day, 2:24:30.616661
[Epoch 0/51] [Batch 605/1136] [D loss: 0.077357] [G loss: 0.809653, adv: 0.658744, cycle: 0.150909] ETA: 1 day, 2:26:18.882707
[Epoch 0/51] [Batch 606/1136] [D loss: 0.091624] [G loss: 0.789454, adv: 0.665849, cycle: 0.123604] ETA: 1 day, 2:29:23.196659
[Epoch 0/51] [Batch 607/1136] [D loss: 0.069786] [G loss: 0.832465, adv: 0.590859, cycle: 0.241606] ETA: 1 day, 2:29:11.965442
[Epoch 0/51] [Batch 608/1136] [D loss: 0.134695] [G loss: 0.794986, adv: 0.658843, cycle: 0.136143] ETA: 1 day, 2:30:05.780857
[Epoch 0/51] [Batch 609/1136] [D loss: 0.124594] [G loss: 0.796100, adv: 0.652984, cycle: 0.143116] ETA: 1 day, 2:26:29.668523
[Epoch 0/51] [Batch 610/1136] [D loss: 0.132231] [G loss: 0.721974, adv: 0.595155, cycle: 0.126819] ETA: 1 day, 2:27:29.662523
[Epoch 0/51] [Batch 611/1136] [D loss: 0.127937] [G loss: 0.811114, adv: 0.685677, cycle: 0.125438] ETA: 1 day, 2:33:11.666371
[Epoch 0/51] [Batch 612/1136] [D loss: 0.099949] [G loss: 0.782909, adv: 0.605012, cycle: 0.177898] ETA: 1 day, 2:27:58.880816
[Epoch 0/51] [Batch 613/1136] [D loss: 0.120807] [G loss: 0.873432, adv: 0.702883, cycle: 0.170549] ETA: 1 day, 2:26:59.011513
[Epoch 0/51] [Batch 614/1136] [D loss: 0.110339] [G loss: 0.799876, adv: 0.645119, cycle: 0.154758] ETA: 1 day, 2:24:24.147497
[Epoch 0/51] [Batch 615/1136] [D loss: 0.087371] [G loss: 0.698881, adv: 0.562453, cycle: 0.136428] ETA: 1 day, 2:28:38.146257
[Epoch 0/51] [Batch 616/1136] [D loss: 0.092693] [G loss: 0.784462, adv: 0.647308, cycle: 0.137154] ETA: 1 day, 2:27:27.660627
[Epoch 0/51] [Batch 617/1136] [D loss: 0.118497] [G loss: 0.658069, adv: 0.532823, cycle: 0.125246] ETA: 1 day, 2:31:41.387555
[Epoch 0/51] [Batch 618/1136] [D loss: 0.088620] [G loss: 0.869148, adv: 0.719421, cycle: 0.149728] ETA: 1 day, 2:27:05.915930
[Epoch 0/51] [Batch 619/1136] [D loss: 0.090805] [G loss: 0.828147, adv: 0.706588, cycle: 0.121559] ETA: 1 day, 2:28:26.725485
[Epoch 0/51] [Batch 620/1136] [D loss: 0.093640] [G loss: 0.836132, adv: 0.706513, cycle: 0.129619] ETA: 1 day, 2:26:31.122253
[Epoch 0/51] [Batch 621/1136] [D loss: 0.104982] [G loss: 0.764263, adv: 0.626505, cycle: 0.137758] ETA: 1 day, 2:25:30.018861
[Epoch 0/51] [Batch 622/1136] [D loss: 0.126149] [G loss: 0.840390, adv: 0.712785, cycle: 0.127605] ETA: 1 day, 2:22:59.372617
[Epoch 0/51] [Batch 623/1136] [D loss: 0.125716] [G loss: 0.862008, adv: 0.723381, cycle: 0.138627] ETA: 1 day, 2:28:42.388386
[Epoch 0/51] [Batch 624/1136] [D loss: 0.124481] [G loss: 0.747777, adv: 0.622422, cycle: 0.125354] ETA: 1 day, 2:26:33.825348
[Epoch 0/51] [Batch 625/1136] [D loss: 0.196760] [G loss: 0.785634, adv: 0.661094, cycle: 0.124540] ETA: 1 day, 2:25:13.582667
[Epoch 0/51] [Batch 626/1136] [D loss: 0.271281] [G loss: 0.662201, adv: 0.383076, cycle: 0.279125] ETA: 1 day, 2:27:32.577899
[Epoch 0/51] [Batch 627/1136] [D loss: 0.289105] [G loss: 0.971544, adv: 0.808869, cycle: 0.162675] ETA: 1 day, 2:30:50.089122
[Epoch 0/51] [Batch 628/1136] [D loss: 0.183752] [G loss: 0.859769, adv: 0.721693, cycle: 0.138076] ETA: 1 day, 2:28:15.203432
[Epoch 0/51] [Batch 629/1136] [D loss: 0.165773] [G loss: 0.763871, adv: 0.578371, cycle: 0.185500] ETA: 1 day, 2:29:12.783572
[Epoch 0/51] [Batch 630/1136] [D loss: 0.132579] [G loss: 0.829207, adv: 0.659257, cycle: 0.169951] ETA: 1 day, 2:26:21.099607
[Epoch 0/51] [Batch 631/1136] [D loss: 0.149060] [G loss: 0.872197, adv: 0.723620, cycle: 0.148577] ETA: 1 day, 2:26:16.296287
[Epoch 0/51] [Batch 632/1136] [D loss: 0.136015] [G loss: 0.668481, adv: 0.518332, cycle: 0.150149] ETA: 1 day, 2:28:20.684147
[Epoch 0/51] [Batch 633/1136] [D loss: 0.150563] [G loss: 0.754929, adv: 0.625056, cycle: 0.129873] ETA: 1 day, 2:28:51.441238
[Epoch 0/51] [Batch 634/1136] [D loss: 0.148785] [G loss: 0.699073, adv: 0.591627, cycle: 0.107446] ETA: 1 day, 2:34:44.767407
[Epoch 0/51] [Batch 635/1136] [D loss: 0.129917] [G loss: 0.781708, adv: 0.565660, cycle: 0.216048] ETA: 1 day, 2:25:33.449496
[Epoch 0/51] [Batch 636/1136] [D loss: 0.121885] [G loss: 0.629784, adv: 0.465797, cycle: 0.163987] ETA: 1 day, 2:28:10.247655
[Epoch 0/51] [Batch 637/1136] [D loss: 0.097114] [G loss: 0.815721, adv: 0.676399, cycle: 0.139322] ETA: 1 day, 2:22:34.624270
[Epoch 0/51] [Batch 638/1136] [D loss: 0.121892] [G loss: 0.848706, adv: 0.728017, cycle: 0.120688] ETA: 1 day, 2:28:00.541999
[Epoch 0/51] [Batch 639/1136] [D loss: 0.105319] [G loss: 0.588201, adv: 0.489785, cycle: 0.098416] ETA: 1 day, 2:28:21.173316
[Epoch 0/51] [Batch 640/1136] [D loss: 0.117617] [G loss: 0.819873, adv: 0.676507, cycle: 0.143367] ETA: 1 day, 2:29:34.478477
[Epoch 0/51] [Batch 641/1136] [D loss: 0.082065] [G loss: 0.941218, adv: 0.593323, cycle: 0.347894] ETA: 1 day, 2:26:03.785620
[Epoch 0/51] [Batch 642/1136] [D loss: 0.100075] [G loss: 1.114905, adv: 0.799006, cycle: 0.315899] ETA: 1 day, 2:24:38.621377
[Epoch 0/51] [Batch 643/1136] [D loss: 0.108127] [G loss: 0.988228, adv: 0.720015, cycle: 0.268213] ETA: 1 day, 2:27:21.015075
[Epoch 0/51] [Batch 644/1136] [D loss: 0.094447] [G loss: 0.871992, adv: 0.611112, cycle: 0.260881] ETA: 1 day, 2:33:08.379687
[Epoch 0/51] [Batch 645/1136] [D loss: 0.085679] [G loss: 0.990434, adv: 0.751984, cycle: 0.238450] ETA: 1 day, 2[Epoch 0/51] [Batch 651/1136] [D loss: 0.102168] [G loss: 0.943217, adv: 0.678669, cycle: 0.264548] ETA: 1 day, 2:27:11.062438[Epoch 0/51] [Batch 652/1136] [D loss: 0.098862] [G loss: 1.008479, adv: 0.785821, cycle: 0.222658] ETA: 1 day, 2:26:17.514922[Epoch 0/51] [Batch 653/1136] [D loss: 0.087887] [G loss: 0.772283, adv: 0.618636, cycle: 0.153647] ETA: 1 day, 2:33:04.835868[Epoch 0/51] [Batch 654/1136] [D loss: 0.092825] [G loss: 0.775395, adv: 0.609686, cycle: 0.165709] ETA: 1 day, 2:26:56.569877[Epoch 0/51] [Batch 655/1136] [D loss: 0.108803] [G loss: 0.830441, adv: 0.673042, cycle: 0.157399] ETA: 1 day, 2:25:50.146830[Epoch 0/51] [Batch 656/1136] [D loss: 0.097586] [G loss: 0.823959, adv: 0.664676, cycle: 0.159283] ETA: 1 day, 2:26:10.022202[Epoch 0/51] [Batch 657/1136] [D loss: 0.108597] [G loss: 0.950175, adv: 0.734796, cycle: 0.215379] ETA: 1 day, 2:28:20.663702[Epoch 0/51] [Batch 658/1136] [D loss: 0.122447] [G loss: 0.866741, adv: 0.681021, cycle: 0.185720] ETA: 1 day, 2:26:34.544094[Epoch 0/51] [Batch 659/1136] [D loss: 0.132971] [G loss: 0.762076, adv: 0.583656, cycle: 0.178420] ETA: 1 day, 2:25:37.084109[Epoch 0/51] [Batch 660/1136] [D loss: 0.116705] [G loss: 0.727523, adv: 0.538144, cycle: 0.189379] ETA: 1 day, 2:27:44.646644[Epoch 0/51] [Batch 661/1136] [D loss: 0.104774] [G loss: 0.832256, adv: 0.683257, cycle: 0.149000] ETA: 1 day, 2:26:11.587634[Epoch 0/51] [Batch 662/1136] [D loss: 0.079744] [G loss: 0.726837, adv: 0.552282, cycle: 0.174555] ETA: 1 day, 2:26:40.923245[Epoch 0/51] [Batch 663/1136] [D loss: 0.075181] [G loss: 0.708699, adv: 0.562799, cycle: 0.145900] ETA: 1 day, 2:25:56.411819[Epoch 0/51] [Batch 664/1136] [D loss: 0.106239] [G loss: 1.056028, adv: 0.833964, cycle: 0.222065] ETA: 1 day, 2:26:40.302475[Epoch 0/51] [Batch 665/1136] [D loss: 0.104365] [G loss: 0.937038, adv: 0.715697, cycle: 0.221342] ETA: 1 day, 2:27:05.935513[Epoch 0/51] [Batch 666/1136] [D loss: 0.089953] [G loss: 0.796435, adv: 0.628198, cycle: 0.168238] ETA: 1 day, 2:19:49.699545[Epoch 0/51] [Batch 667/1136] [D loss: 0.094348] [G loss: 0.869826, adv: 0.712473, cycle: 0.157353] ETA: 1 day, 2:23:07.215213[Epoch 0/51] [Batch 668/1136] [D loss: 0.089263] [G loss: 0.721451, adv: 0.573367, cycle: 0.148084] ETA: 1 day, 2:38:44.675533[Epoch 0/51] [Batch 669/1136] [D loss: 0.130311] [G loss: 0.873566, adv: 0.720684, cycle: 0.152882] ETA: 1 day, 4:43:36.910694[Epoch 0/51] [Batch 670/1136] [D loss: 0.125764] [G loss: 0.721492, adv: 0.568565, cycle: 0.152927] ETA: 1 day, 4:52:04.126345[Epoch 0/51] [Batch 671/1136] [D loss: 0.092847] [G loss: 0.746404, adv: 0.609222, cycle: 0.137182] ETA: 1 day, 7:57:48.230140[Epoch 0/51] [Batch 672/1136] [D loss: 0.109832] [G loss: 0.800833, adv: 0.672315, cycle: 0.128518] ETA: 1 day, 2:46:37.243423[Epoch 0/51] [Batch 673/1136] [D loss: 0.151623] [G loss: 0.817969, adv: 0.686956, cycle: 0.131013] ETA: 1 day, 2:28:16.214702[Epoch 0/51] [Batch 674/1136] [D loss: 0.224689] [G loss: 0.784755, adv: 0.609197, cycle: 0.175558] ETA: 1 day, 2:25:34.367792[Epoch 0/51] [Batch 675/1136] [D loss: 0.619496] [G loss: 1.310134, adv: 1.178427, cycle: 0.131707] ETA: 1 day, 2:24:15.476553[Epoch 0/51] [Batch 676/1136] [D loss: 1.365943] [G loss: 1.763571, adv: 1.642617, cycle: 0.120954] ETA: 1 day, 2:21:06.554117[Epoch 0/51] [Batch 677/1136] [D loss: 0.846679] [G loss: 1.261091, adv: 1.144481, cycle: 0.116610] ETA: 1 day, 2:28:19.195999[Epoch 0/51] [Batch 678/1136] [D loss: 0.170575] [G loss: 0.619929, adv: 0.517139, cycle: 0.102790] ETA: 1 day, 2:24:41.771728[Epoch 0/51] [Batch 679/1136] [D loss: 0.286190] [G loss: 0.732119, adv: 0.597218, cycle: 0.134900] ETA: 1 day, 2:29:09.639104[Epoch 0/51] [Batch 680/1136] [D loss: 0.230417] [G loss: 0.688201, adv: 0.591870, cycle: 0.096331] ETA: 1 day, 2:29:25.324099[Epoch 0/51] [Batch 681/1136] [D loss: 0.210781] [G loss: 0.740871, adv: 0.556581, cycle: 0.184290] ETA: 1 day, 2:31:14.993252[Epoch 0/51] [Batch 682/1136] [D loss: 0.177239] [G loss: 0.813476, adv: 0.684699, cycle: 0.128777] ETA: 1 day, 2:28:13.931927[Epoch 0/51] [Batch 683/1136] [D loss: 0.170465] [G loss: 0.972667, adv: 0.673846, cycle: 0.298821] ETA: 1 day, 2:26:24.335556[Epoch 0/51] [Batch 684/1136] [D loss: 0.203849] [G loss: 0.732090, adv: 0.584482, cycle: 0.147608] ETA: 1 day, 2:22:58.415325[Epoch 0/51] [Batch 685/1136] [D loss: 0.155581] [G loss: 0.735482, adv: 0.634450, cycle: 0.101031] ETA: 1 day, 2:28:25.509446[Epoch 0/51] [Batch 686/1136] [D loss: 0.154129] [G loss: 0.600382, adv: 0.468083, cycle: 0.132299] ETA: 1 day, 2:24:58.898053[Epoch 0/51] [Batch 687/1136] [D loss: 0.149910] [G loss: 0.585459, adv: 0.437793, cycle: 0.147666] ETA: 1 day, 2:23:40.460045[Epoch 0/51] [Batch 688/1136] [D loss: 0.138811] [G loss: 0.726892, adv: 0.521269, cycle: 0.205624] ETA: 1 day, 2:22:01.564888[Epoch 0/51] [Batch 689/1136] [D loss: 0.177696] [G loss: 1.118803, adv: 0.530680, cycle: 0.588124] ETA: 1 day, 2:24:16.599027[Epoch 0/51] [Batch 690/1136] [D loss: 0.150266] [G loss: 0.787909, adv: 0.610978, cycle: 0.176931] ETA: 1 day, 2:30:18.507571[Epoch 0/51] [Batch 691/1136] [D loss: 0.150522] [G loss: 1.488540, adv: 0.566581, cycle: 0.921959] ETA: 1 day, 2:24:49.718983[Epoch 0/51] [Batch 692/1136] [D loss: 0.114929] [G loss: 0.653137, adv: 0.507615, cycle: 0.145522] ETA: 1 day, 2:29:24.471498[Epoch 0/51] [Batch 693/1136] [D loss: 0.116256] [G loss: 1.051771, adv: 0.593463, cycle: 0.458308] ETA: 1 day, 2:20:12.717554[Epoch 0/51] [Batch 694/1136] [D loss: 0.126132] [G loss: 1.171145, adv: 0.738090, cycle: 0.433056] ETA: 1 day, 2:19:55.967037[Epoch 0/51] [Batch 695/1136] [D loss: 0.114750] [G loss: 0.881344, adv: 0.581050, cycle: 0.300294] ETA: 1 day, 2:24:42.187504[Epoch 0/51] [Batch 696/1136] [D loss: 0.101551] [G loss: 1.092126, adv: 0.631279, cycle: 0.460846] ETA: 1 day, 2:21:41.299324[Epoch 0/51] [Batch 697/1136] [D loss: 0.093596] [G loss: 1.207120, adv: 0.804282, cycle: 0.402837] ETA: 1 day, 2:23:23.848648[Epoch 0/51] [Batch 698/1136] [D loss: 0.103103] [G loss: 1.187071, adv: 0.783648, cycle: 0.403423] ETA: 1 day, 2:25:39.814861[Epoch 0/51] [Batch 699/1136] [D loss: 0.106705] [G loss: 0.980082, adv: 0.686581, cycle: 0.293501] ETA: 1 day, 2:22:33.080690[Epoch 0/51] [Batch 700/1136] [D loss: 0.108413] [G loss: 0.967520, adv: 0.689854, cycle: 0.277665] ETA: 1 day, 2:23:48.699755[Epoch 0/51] [Batch 701/1136] [D loss: 0.100311] [G loss: 1.032101, adv: 0.746397, cycle: 0.285704] ETA: 1 day, 2:22:19.023485[Epoch 0/51] [Batch 702/1136] [D loss: 0.106741] [G loss: 0.923408, adv: 0.648049, cycle: 0.275360] ETA: 1 day, 2:27:50.045649[Epoch 0/51] [Batch 703/1136] [D loss: 0.123472] [G loss: 0.690888, adv: 0.446925, cycle: 0.243963] ETA: 1 day, 2:26:14.118582[Epoch 0/51] [Batch 704/1136] [D loss: 0.117599] [G loss: 0.882649, adv: 0.597383, cycle: 0.285266] ETA: 1 day, 2:29:04.166504[Epoch 0/51] [Batch 705/1136] [D loss: 0.123542] [G loss: 0.810350, adv: 0.618737, cycle: 0.191613] ETA: 1 day, 2:24:53.507830[Epoch 0/51] [Batch 706/1136] [D loss: 0.099562] [G loss: 0.857881, adv: 0.638779, cycle: 0.219102] ETA: 1 day, 2:21:33.070335[Epoch 0/51] [Batch 707/1136] [D loss: 0.106784] [G loss: 1.139673, adv: 0.792414, cycle: 0.347258] ETA: 1 day, 2:27:10.517922[Epoch 0/51] [Batch 708/1136] [D loss: 0.085697] [G loss: 1.220400, adv: 0.850845, cycle: 0.369555] ETA: 1 day, 2:26:46.368224[Epoch 0/51] [Batch 709/1136] [D loss: 0.067221] [G loss: 1.312885, adv: 0.957545, cycle: 0.355340] ETA: 1 day, 2:25:39.909330[Epoch 0/51] [Batch 710/1136] [D loss: 0.087379] [G loss: 1.247272, adv: 0.981388, cycle: 0.265884] ETA: 1 day, 2:25:22.883977[Epoch 0/51] [Batch 711/1136] [D loss: 0.105977] [G loss: 1.165020, adv: 0.860500, cycle: 0.304520] ETA: 1 day, 2:22:39.191501[Epoch 0/51] [Batch 712/1136] [D loss: 0.086629] [G loss: 1.162999, adv: 0.946993, cycle: 0.216006] ETA: 1 day, 2:25:57.433216[Epoch 0/51] [Batch 713/1136] [D loss: 0.106543] [G loss: 1.263906, adv: 0.961921, cycle: 0.301985] ETA: 1 day, 2:21:37.671550[Epoch 0/51] [Batch 714/1136] [D loss: 0.109212] [G loss: 0.972324, adv: 0.749630, cycle: 0.222694] ETA: 1 day, 2:24:32.755484[Epoch 0/51] [Batch 715/1136] [D loss: 0.101007] [G loss: 1.087421, adv: 0.830813, cycle: 0.256608] ETA: 1 day, 2:28:27.696748